2013-08-21 11:50:06 [INFO] [Multiverse-Portals]  0 - Portals(s) loaded
2013-08-21 11:53:20 [INFO] [Multiverse-Portals]  0 - Portals(s) loaded
2013-08-21 12:08:54 [INFO] [Multiverse-Portals]  0 - Portals(s) loaded
2013-08-21 12:13:36 [INFO] [Multiverse-Portals]  0 - Portals(s) loaded
2013-08-21 18:30:33 [INFO] [Multiverse-Portals]  0 - Portals(s) loaded
2013-08-21 18:39:21 [INFO] [Multiverse-Portals]  0 - Portals(s) loaded
2013-08-21 18:41:34 [INFO] [Multiverse-Portals]  0 - Portals(s) loaded
2013-08-21 18:44:15 [INFO] [Multiverse-Portals]  0 - Portals(s) loaded
2013-08-21 18:46:43 [INFO] [Multiverse-Portals]  0 - Portals(s) loaded
2013-08-21 19:04:58 [INFO] [Multiverse-Portals]  0 - Portals(s) loaded
2013-08-21 20:05:23 [INFO] [Multiverse-Portals]  0 - Portals(s) loaded
2013-08-22 16:24:48 [INFO] [Multiverse-Portals]  0 - Portals(s) loaded
2013-08-23 11:18:22 [INFO] [Multiverse-Portals]  0 - Portals(s) loaded
2013-08-23 11:20:02 [INFO] [Multiverse-Portals]  0 - Portals(s) loaded
2013-08-23 11:24:23 [INFO] [Multiverse-Portals]  0 - Portals(s) loaded
2013-08-23 11:28:34 [INFO] [Multiverse-Portals]  0 - Portals(s) loaded
2013-08-23 13:14:07 [INFO] [Multiverse-Portals]  0 - Portals(s) loaded
2013-08-23 13:33:09 [INFO] [Multiverse-Portals]  0 - Portals(s) loaded
2013-08-23 13:34:09 [INFO] [Multiverse-Portals]  0 - Portals(s) loaded
2013-08-23 16:02:18 [INFO] [Multiverse-Portals]  0 - Portals(s) loaded
2013-08-23 18:51:51 [INFO] [Multiverse-Portals]  0 - Portals(s) loaded
2013-08-24 11:00:08 [INFO] [Multiverse-Portals]  0 - Portals(s) loaded
2013-08-24 11:00:38 [INFO] [Multiverse-Portals]  0 - Portals(s) loaded
2013-08-24 11:05:51 [INFO] [Multiverse-Portals]  0 - Portals(s) loaded
2013-08-24 17:43:05 [INFO] [Multiverse-Portals]  0 - Portals(s) loaded
2013-08-24 19:01:17 [INFO] [Multiverse-Portals]  2 - Portals(s) loaded
2013-08-24 20:58:23 [INFO] [Multiverse-Portals]  7 - Portals(s) loaded
2013-08-24 21:00:34 [INFO] [Multiverse-Portals]  7 - Portals(s) loaded
2013-08-24 21:05:23 [INFO] [Multiverse-Portals]  7 - Portals(s) loaded
2013-08-24 21:13:36 [INFO] [Multiverse-Portals]  7 - Portals(s) loaded
2013-08-24 21:23:04 [INFO] [Multiverse-Portals]  7 - Portals(s) loaded
2013-08-24 21:26:46 [INFO] [Multiverse-Portals]  7 - Portals(s) loaded
2013-08-24 21:27:37 [INFO] [Multiverse-Portals]  7 - Portals(s) loaded
2013-08-24 21:29:18 [INFO] [Multiverse-Portals]  7 - Portals(s) loaded
2013-08-24 21:41:02 [INFO] [Multiverse-Portals]  7 - Portals(s) loaded
2013-08-25 09:01:04 [INFO] [Multiverse-Portals]  7 - Portals(s) loaded
2013-08-25 09:37:35 [INFO] [Multiverse-Portals]  7 - Portals(s) loaded
2013-08-25 09:56:28 [INFO] [Multiverse-Portals]  7 - Portals(s) loaded
2013-08-25 17:10:57 [INFO] [Multiverse-Portals]  7 - Portals(s) loaded
2013-08-25 19:31:06 [INFO] [Multiverse-Portals]  7 - Portals(s) loaded
2013-08-26 14:55:09 [INFO] [Multiverse-Portals]  7 - Portals(s) loaded
2013-08-26 19:03:55 [INFO] [Multiverse-Portals]  7 - Portals(s) loaded
2013-08-27 14:52:36 [INFO] [Multiverse-Portals]  7 - Portals(s) loaded
2013-08-27 16:59:36 [INFO] [Multiverse-Portals]  7 - Portals(s) loaded
2013-08-27 20:09:43 [INFO] [Multiverse-Portals]  8 - Portals(s) loaded
2013-08-28 20:21:18 [INFO] [Multiverse-Portals]  8 - Portals(s) loaded
2013-08-29 18:40:34 [INFO] [Multiverse-Portals]  8 - Portals(s) loaded
2013-10-16 14:48:51 [INFO] [Multiverse-Portals]  8 - Portals(s) loaded
2013-10-16 15:50:35 [INFO] [Multiverse-Portals]  8 - Portals(s) loaded
2013-10-16 16:04:49 [INFO] [Multiverse-Portals]  8 - Portals(s) loaded
2013-10-16 16:06:41 [INFO] [Multiverse-Portals]  8 - Portals(s) loaded
2013-10-16 18:10:57 [INFO] [Multiverse-Portals]  8 - Portals(s) loaded
2013-10-16 18:38:44 [INFO] [Multiverse-Portals]  8 - Portals(s) loaded
2013-10-17 18:48:03 [INFO] [Multiverse-Portals]  10 - Portals(s) loaded
2013-10-17 21:45:50 [INFO] [Multiverse-Portals]  12 - Portals(s) loaded
2013-11-28 13:14:00 [INFO] [Multiverse-Portals]  12 - Portals(s) loaded
2013-11-28 13:18:46 [INFO] [Multiverse-Portals]  0 - Portals(s) loaded
2013-12-02 20:37:13 [INFO] [Multiverse-Portals]  0 - Portals(s) loaded
2013-12-31 20:56:27 [INFO] [Multiverse-Portals]  0 - Portals(s) loaded
2013-12-31 21:01:16 [INFO] [Multiverse-Portals]  0 - Portals(s) loaded
2013-12-31 21:03:59 [INFO] [Multiverse-Portals]  0 - Portals(s) loaded
2013-12-31 21:09:14 [INFO] [Multiverse-Portals]  0 - Portals(s) loaded
2014-01-10 07:26:26 [INFO] [Multiverse-Portals]  0 - Portals(s) loaded
2014-01-10 08:19:39 [INFO] [Multiverse-Portals]  0 - Portals(s) loaded
2014-01-10 18:06:31 [INFO] [Multiverse-Portals]  0 - Portals(s) loaded
2014-01-10 18:23:36 [INFO] [Multiverse-Portals]  0 - Portals(s) loaded
2014-01-10 18:51:10 [INFO] [Multiverse-Portals]  0 - Portals(s) loaded
2014-01-10 20:06:37 [INFO] [Multiverse-Portals]  0 - Portals(s) loaded
2014-01-10 21:13:37 [INFO] [Multiverse-Portals]  0 - Portals(s) loaded
2014-01-10 21:59:10 [INFO] [Multiverse-Portals]  0 - Portals(s) loaded
2014-01-10 22:08:13 [INFO] [Multiverse-Portals]  0 - Portals(s) loaded
2014-01-11 11:26:52 [INFO] [Multiverse-Portals]  0 - Portals(s) loaded
2014-01-11 12:22:22 [INFO] [Multiverse-Portals]  0 - Portals(s) loaded
2014-01-11 13:40:37 [INFO] [Multiverse-Portals]  0 - Portals(s) loaded
2014-01-11 19:19:42 [INFO] [Multiverse-Portals]  0 - Portals(s) loaded
2014-01-11 21:10:45 [INFO] [Multiverse-Portals]  0 - Portals(s) loaded
2014-01-11 21:46:17 [INFO] [Multiverse-Portals]  0 - Portals(s) loaded
2014-01-12 10:56:43 [INFO] [Multiverse-Portals]  0 - Portals(s) loaded
2014-01-14 18:32:14 [INFO] [Multiverse-Portals]  0 - Portals(s) loaded
2014-01-14 18:34:02 [INFO] [Multiverse-Portals]  0 - Portals(s) loaded
2014-01-14 18:45:22 [INFO] [Multiverse-Portals]  0 - Portals(s) loaded
2014-01-14 18:56:17 [INFO] [Multiverse-Portals]  0 - Portals(s) loaded
2014-01-14 19:53:11 [INFO] [Multiverse-Portals]  0 - Portals(s) loaded
2014-01-14 20:28:06 [INFO] [Multiverse-Portals]  0 - Portals(s) loaded
2014-01-15 18:32:42 [INFO] [Multiverse-Portals]  0 - Portals(s) loaded
2014-01-15 19:06:15 [INFO] [Multiverse-Portals]  0 - Portals(s) loaded
2014-01-17 17:38:12 [INFO] [Multiverse-Portals]  0 - Portals(s) loaded
2014-01-17 19:01:14 [INFO] [Multiverse-Portals]  0 - Portals(s) loaded
2014-01-17 20:47:21 [INFO] [Multiverse-Portals]  0 - Portals(s) loaded
2014-01-17 22:30:33 [INFO] [Multiverse-Portals]  0 - Portals(s) loaded
2014-01-18 12:09:31 [INFO] [Multiverse-Portals]  0 - Portals(s) loaded
2014-01-18 14:04:41 [INFO] [Multiverse-Portals]  0 - Portals(s) loaded
2014-01-18 15:31:45 [INFO] [Multiverse-Portals]  0 - Portals(s) loaded
2014-01-18 18:15:22 [INFO] [Multiverse-Portals]  0 - Portals(s) loaded
2014-01-18 20:36:06 [INFO] [Multiverse-Portals]  0 - Portals(s) loaded
2014-01-19 21:33:26 [INFO] [Multiverse-Portals]  0 - Portals(s) loaded
2014-01-19 21:53:18 [INFO] [Multiverse-Portals]  0 - Portals(s) loaded
2014-01-20 11:48:13 [INFO] [Multiverse-Portals]  0 - Portals(s) loaded
2014-01-20 18:06:59 [INFO] [Multiverse-Portals]  0 - Portals(s) loaded
2014-01-21 15:31:28 [INFO] [Multiverse-Portals]  0 - Portals(s) loaded
2014-01-21 16:41:17 [INFO] [Multiverse-Portals]  0 - Portals(s) loaded
2014-01-21 19:49:32 [INFO] [Multiverse-Portals]  0 - Portals(s) loaded
2014-01-22 11:29:33 [INFO] [Multiverse-Portals]  0 - Portals(s) loaded
2014-01-22 19:20:11 [INFO] [Multiverse-Portals]  0 - Portals(s) loaded
2014-01-26 12:40:48 [INFO] [Multiverse-Portals]  0 - Portals(s) loaded
2014-01-26 18:15:26 [INFO] [Multiverse-Portals]  0 - Portals(s) loaded
2014-01-28 17:19:33 [INFO] [Multiverse-Portals]  0 - Portals(s) loaded
2014-01-28 19:33:30 [INFO] [Multiverse-Portals]  0 - Portals(s) loaded
2014-01-28 19:34:46 [INFO] [Multiverse-Portals]  0 - Portals(s) loaded
2014-01-28 20:42:13 [INFO] [Multiverse-Portals]  4 - Portals(s) loaded
2014-01-28 20:46:28 [INFO] [Multiverse-Portals]  4 - Portals(s) loaded
2014-01-28 20:48:04 [INFO] [Multiverse-Portals]  4 - Portals(s) loaded
2014-01-28 21:29:22 [INFO] [Multiverse-Portals]  4 - Portals(s) loaded
2014-01-29 06:50:41 [INFO] [Multiverse-Portals]  4 - Portals(s) loaded
2014-01-29 07:54:36 [INFO] [Multiverse-Portals]  4 - Portals(s) loaded
2014-01-29 08:27:50 [INFO] [Multiverse-Portals]  6 - Portals(s) loaded
2014-01-29 17:52:41 [INFO] [Multiverse-Portals]  6 - Portals(s) loaded
2014-01-30 17:28:39 [INFO] [Multiverse-Portals]  8 - Portals(s) loaded
2014-01-30 18:32:46 [INFO] [Multiverse-Portals]  8 - Portals(s) loaded
2014-01-30 20:04:07 [INFO] [Multiverse-Portals]  10 - Portals(s) loaded
2014-01-30 20:28:12 [INFO] [Multiverse-Portals]  10 - Portals(s) loaded
2014-01-31 15:10:25 [INFO] [Multiverse-Portals]  10 - Portals(s) loaded
2014-01-31 17:34:29 [INFO] [Multiverse-Portals]  12 - Portals(s) loaded
2014-01-31 20:46:31 [INFO] [Multiverse-Portals]  12 - Portals(s) loaded
2014-02-01 12:41:27 [INFO] [Multiverse-Portals]  12 - Portals(s) loaded
2014-02-01 12:54:35 [INFO] [Multiverse-Portals]  12 - Portals(s) loaded
2014-02-01 20:54:52 [INFO] [Multiverse-Portals]  12 - Portals(s) loaded
2014-02-02 11:45:45 [INFO] [Multiverse-Portals]  14 - Portals(s) loaded
2014-02-02 15:02:04 [INFO] [Multiverse-Portals]  15 - Portals(s) loaded
2014-02-02 17:25:45 [INFO] [Multiverse-Portals]  17 - Portals(s) loaded
2014-02-03 17:37:09 [INFO] [Multiverse-Portals]  21 - Portals(s) loaded
2014-02-03 17:58:37 [INFO] [Multiverse-Portals]  19 - Portals(s) loaded
2014-02-03 20:21:14 [INFO] [Multiverse-Portals]  19 - Portals(s) loaded
2014-02-03 20:44:14 [INFO] [Multiverse-Portals]  19 - Portals(s) loaded
2014-02-04 18:17:49 [INFO] [Multiverse-Portals]  20 - Portals(s) loaded
2014-02-05 09:19:29 [INFO] [Multiverse-Portals]  20 - Portals(s) loaded
2014-02-05 09:41:12 [INFO] [Multiverse-Portals]  20 - Portals(s) loaded
2014-02-05 12:45:22 [INFO] [Multiverse-Portals]  20 - Portals(s) loaded
2014-02-05 19:48:59 [INFO] [Multiverse-Portals]  20 - Portals(s) loaded
2014-02-06 18:48:05 [INFO] [Multiverse-Portals]  20 - Portals(s) loaded
2014-02-07 18:17:27 [INFO] [Multiverse-Portals]  20 - Portals(s) loaded
2014-02-07 18:59:26 [INFO] [Multiverse-Portals]  20 - Portals(s) loaded
2014-02-07 21:44:58 [INFO] [Multiverse-Portals]  20 - Portals(s) loaded
2014-02-08 13:21:11 [INFO] [Multiverse-Portals]  20 - Portals(s) loaded
2014-02-08 13:41:29 [INFO] [Multiverse-Portals]  20 - Portals(s) loaded
2014-02-08 13:41:56 [INFO] [Multiverse-Portals]  20 - Portals(s) loaded
2014-02-08 14:41:49 [INFO] [Multiverse-Portals]  20 - Portals(s) loaded
2014-02-08 14:42:10 [INFO] [Multiverse-Portals]  20 - Portals(s) loaded
2014-02-08 14:55:38 [INFO] [Multiverse-Portals]  20 - Portals(s) loaded
2014-02-08 15:05:33 [INFO] [Multiverse-Portals]  20 - Portals(s) loaded
2014-02-08 15:09:58 [INFO] [Multiverse-Portals]  20 - Portals(s) loaded
2014-02-08 17:49:48 [INFO] [Multiverse-Portals]  20 - Portals(s) loaded
2014-02-08 17:53:20 [INFO] [Multiverse-Portals]  20 - Portals(s) loaded
2014-02-08 19:26:57 [INFO] [Multiverse-Portals]  20 - Portals(s) loaded
2014-02-08 21:03:49 [INFO] [Multiverse-Portals]  20 - Portals(s) loaded
2014-02-08 21:55:04 [INFO] [Multiverse-Portals]  20 - Portals(s) loaded
2014-02-09 08:27:25 [INFO] [Multiverse-Portals]  20 - Portals(s) loaded
2014-02-09 16:21:11 [INFO] [Multiverse-Portals]  18 - Portals(s) loaded
2014-02-09 20:08:50 [INFO] [Multiverse-Portals]  18 - Portals(s) loaded
2014-02-09 20:09:13 [INFO] [Multiverse-Portals]  18 - Portals(s) loaded
2014-02-10 19:32:02 [INFO] [Multiverse-Portals]  18 - Portals(s) loaded
2014-02-10 20:38:50 [INFO] [Multiverse-Portals]  18 - Portals(s) loaded
2014-02-10 20:40:02 [INFO] [Multiverse-Portals]  18 - Portals(s) loaded
2014-02-11 18:46:39 [INFO] [Multiverse-Portals]  18 - Portals(s) loaded
2014-02-11 18:53:36 [INFO] [Multiverse-Portals]  18 - Portals(s) loaded
2014-02-11 18:56:34 [INFO] [Multiverse-Portals]  18 - Portals(s) loaded
2014-02-11 19:15:05 [INFO] [Multiverse-Portals]  18 - Portals(s) loaded
2014-02-11 20:21:00 [INFO] [Multiverse-Portals]  16 - Portals(s) loaded
2014-02-11 20:56:55 [INFO] [Multiverse-Portals]  16 - Portals(s) loaded
2014-02-11 21:07:07 [INFO] [Multiverse-Portals]  16 - Portals(s) loaded
2014-02-11 21:29:46 [INFO] [Multiverse-Portals]  16 - Portals(s) loaded
2014-02-12 20:38:09 [INFO] [Multiverse-Portals]  16 - Portals(s) loaded
2014-02-12 21:45:32 [INFO] [Multiverse-Portals]  16 - Portals(s) loaded
2014-02-13 11:19:51 [INFO] [Multiverse-Portals]  16 - Portals(s) loaded
2014-02-13 14:53:22 [INFO] [Multiverse-Portals]  20 - Portals(s) loaded
2014-02-13 18:40:00 [INFO] [Multiverse-Portals]  20 - Portals(s) loaded
2014-02-13 20:56:05 [INFO] [Multiverse-Portals]  20 - Portals(s) loaded
2014-02-13 20:56:38 [INFO] [Multiverse-Portals]  20 - Portals(s) loaded
2014-02-13 21:15:07 [INFO] [Multiverse-Portals]  20 - Portals(s) loaded
2014-02-13 21:21:15 [INFO] [Multiverse-Portals]  20 - Portals(s) loaded
2014-02-13 21:26:16 [INFO] [Multiverse-Portals]  20 - Portals(s) loaded
2014-02-13 22:07:24 [INFO] [Multiverse-Portals]  20 - Portals(s) loaded
2014-02-13 22:11:28 [INFO] [Multiverse-Portals]  20 - Portals(s) loaded
2014-02-13 22:13:04 [INFO] [Multiverse-Portals]  20 - Portals(s) loaded
2014-02-13 22:18:24 [INFO] [Multiverse-Portals]  20 - Portals(s) loaded
2014-02-14 09:37:28 [INFO] [Multiverse-Portals]  20 - Portals(s) loaded
2014-02-14 10:17:31 [INFO] [Multiverse-Portals]  20 - Portals(s) loaded
2014-02-14 12:13:16 [INFO] [Multiverse-Portals]  20 - Portals(s) loaded
2014-02-14 12:16:00 [INFO] [Multiverse-Portals]  20 - Portals(s) loaded
2014-02-14 12:18:14 [INFO] [Multiverse-Portals]  20 - Portals(s) loaded
2014-02-14 12:18:55 [INFO] [Multiverse-Portals]  20 - Portals(s) loaded
2014-02-14 12:21:28 [INFO] [Multiverse-Portals]  20 - Portals(s) loaded
2014-02-14 12:22:24 [INFO] [Multiverse-Portals]  20 - Portals(s) loaded
2014-02-14 13:27:30 [INFO] [Multiverse-Portals]  20 - Portals(s) loaded
2014-02-14 14:10:23 [INFO] [Multiverse-Portals]  20 - Portals(s) loaded
2014-02-14 16:34:12 [INFO] [Multiverse-Portals]  20 - Portals(s) loaded
2014-02-14 20:06:37 [INFO] [Multiverse-Portals]  20 - Portals(s) loaded
2014-02-14 20:37:57 [INFO] [Multiverse-Portals]  20 - Portals(s) loaded
2014-02-15 13:19:54 [INFO] [Multiverse-Portals]  20 - Portals(s) loaded
2014-02-15 13:21:00 [INFO] [Multiverse-Portals]  20 - Portals(s) loaded
2014-02-15 16:42:33 [INFO] [Multiverse-Portals]  20 - Portals(s) loaded
2014-02-15 17:42:52 [INFO] [Multiverse-Portals]  20 - Portals(s) loaded
2014-02-15 19:20:46 [INFO] [Multiverse-Portals]  20 - Portals(s) loaded
2014-02-15 19:21:35 [INFO] [Multiverse-Portals]  20 - Portals(s) loaded
2014-02-15 20:30:25 [INFO] [Multiverse-Portals]  20 - Portals(s) loaded
2014-02-15 20:32:15 [INFO] [Multiverse-Portals]  20 - Portals(s) loaded
2014-02-16 10:24:22 [INFO] [Multiverse-Portals]  20 - Portals(s) loaded
2014-02-16 14:19:17 [INFO] [Multiverse-Portals]  20 - Portals(s) loaded
2014-02-16 17:51:47 [INFO] [Multiverse-Portals]  20 - Portals(s) loaded
2014-02-16 22:13:38 [INFO] [Multiverse-Portals]  20 - Portals(s) loaded
2014-02-17 11:30:16 [INFO] [Multiverse-Portals]  20 - Portals(s) loaded
2014-02-17 14:03:11 [INFO] [Multiverse-Portals]  20 - Portals(s) loaded
2014-02-17 16:20:17 [INFO] [Multiverse-Portals]  20 - Portals(s) loaded
2014-02-17 20:45:33 [INFO] [Multiverse-Portals]  20 - Portals(s) loaded
2014-02-18 07:17:29 [INFO] [Multiverse-Portals]  20 - Portals(s) loaded
2014-02-18 07:37:31 [INFO] [Multiverse-Portals]  20 - Portals(s) loaded
2014-02-18 16:34:37 [INFO] [Multiverse-Portals]  22 - Portals(s) loaded
2014-02-18 18:50:48 [INFO] [Multiverse-Portals]  21 - Portals(s) loaded
2014-02-18 19:00:11 [INFO] [Multiverse-Portals]  21 - Portals(s) loaded
2014-02-18 19:13:35 [INFO] [Multiverse-Portals]  21 - Portals(s) loaded
2014-02-19 18:55:44 [INFO] [Multiverse-Portals]  21 - Portals(s) loaded
2014-02-19 19:24:04 [INFO] [Multiverse-Portals]  21 - Portals(s) loaded
2014-02-19 21:31:14 [INFO] [Multiverse-Portals]  21 - Portals(s) loaded
2014-02-20 17:36:13 [INFO] [Multiverse-Portals]  21 - Portals(s) loaded
2014-02-20 17:36:52 [INFO] [Multiverse-Portals]  21 - Portals(s) loaded
2014-02-20 18:31:16 [INFO] [Multiverse-Portals]  21 - Portals(s) loaded
2014-02-20 20:41:46 [INFO] [Multiverse-Portals]  23 - Portals(s) loaded
2014-02-20 21:16:54 [INFO] [Multiverse-Portals]  23 - Portals(s) loaded
2014-02-20 21:17:16 [INFO] [Multiverse-Portals]  23 - Portals(s) loaded
2014-02-22 09:46:35 [INFO] [Multiverse-Portals]  23 - Portals(s) loaded
2014-02-22 09:47:07 [INFO] [Multiverse-Portals]  23 - Portals(s) loaded
2014-02-22 09:49:03 [INFO] [Multiverse-Portals]  23 - Portals(s) loaded
2014-02-22 09:55:28 [INFO] [Multiverse-Portals]  23 - Portals(s) loaded
2014-02-22 09:58:02 [INFO] [Multiverse-Portals]  23 - Portals(s) loaded
2014-02-22 10:04:54 [INFO] [Multiverse-Portals]  23 - Portals(s) loaded
2014-02-22 13:35:21 [INFO] [Multiverse-Portals]  23 - Portals(s) loaded
2014-02-22 13:42:22 [INFO] [Multiverse-Portals]  23 - Portals(s) loaded
2014-02-22 13:49:23 [INFO] [Multiverse-Portals]  23 - Portals(s) loaded
2014-02-22 13:57:01 [INFO] [Multiverse-Portals]  23 - Portals(s) loaded
2014-02-22 13:57:57 [INFO] [Multiverse-Portals]  23 - Portals(s) loaded
2014-02-22 14:04:21 [INFO] [Multiverse-Portals]  23 - Portals(s) loaded
2014-02-22 14:10:01 [INFO] [Multiverse-Portals]  23 - Portals(s) loaded
2014-02-22 16:22:39 [WARNING] [Multiverse-Portals]  Failed Parsing World for: SpleefLeave (World Error, World did not exist or was not imported into Multiverse-Core!)
2014-02-22 16:22:39 [WARNING] [Multiverse-Portals]  Portal SpleefLeave has an invalid LOCATION!
2014-02-22 16:22:39 [WARNING] [Multiverse-Portals]  Portal 'SpleefLeave' not loaded due to invalid location!
2014-02-22 16:22:39 [WARNING] [Multiverse-Portals]  Failed Parsing World for: HardParkourLeave (World Error, World did not exist or was not imported into Multiverse-Core!)
2014-02-22 16:22:39 [WARNING] [Multiverse-Portals]  Portal HardParkourLeave has an invalid LOCATION!
2014-02-22 16:22:39 [WARNING] [Multiverse-Portals]  Portal 'HardParkourLeave' not loaded due to invalid location!
2014-02-22 16:22:39 [WARNING] [Multiverse-Portals]  Failed Parsing World for: FlyingAngelsLeave (World Error, World did not exist or was not imported into Multiverse-Core!)
2014-02-22 16:22:39 [WARNING] [Multiverse-Portals]  Portal FlyingAngelsLeave has an invalid LOCATION!
2014-02-22 16:22:39 [WARNING] [Multiverse-Portals]  Portal 'FlyingAngelsLeave' not loaded due to invalid location!
2014-02-22 16:22:39 [INFO] [Multiverse-Portals]  23 - Portals(s) loaded
2014-02-22 16:25:26 [WARNING] [Multiverse-Portals]  Failed Parsing World for: SpleefLeave (World Error, World did not exist or was not imported into Multiverse-Core!)
2014-02-22 16:25:26 [WARNING] [Multiverse-Portals]  Portal SpleefLeave has an invalid LOCATION!
2014-02-22 16:25:26 [WARNING] [Multiverse-Portals]  Portal 'SpleefLeave' not loaded due to invalid location!
2014-02-22 16:25:26 [WARNING] [Multiverse-Portals]  Failed Parsing World for: HardParkourLeave (World Error, World did not exist or was not imported into Multiverse-Core!)
2014-02-22 16:25:26 [WARNING] [Multiverse-Portals]  Portal HardParkourLeave has an invalid LOCATION!
2014-02-22 16:25:26 [WARNING] [Multiverse-Portals]  Portal 'HardParkourLeave' not loaded due to invalid location!
2014-02-22 16:25:26 [WARNING] [Multiverse-Portals]  Failed Parsing World for: FlyingAngelsLeave (World Error, World did not exist or was not imported into Multiverse-Core!)
2014-02-22 16:25:26 [WARNING] [Multiverse-Portals]  Portal FlyingAngelsLeave has an invalid LOCATION!
2014-02-22 16:25:26 [WARNING] [Multiverse-Portals]  Portal 'FlyingAngelsLeave' not loaded due to invalid location!
2014-02-22 16:25:26 [INFO] [Multiverse-Portals]  23 - Portals(s) loaded
2014-02-22 16:28:25 [WARNING] [Multiverse-Portals]  Failed Parsing World for: SpleefLeave (World Error, World did not exist or was not imported into Multiverse-Core!)
2014-02-22 16:28:25 [WARNING] [Multiverse-Portals]  Portal SpleefLeave has an invalid LOCATION!
2014-02-22 16:28:25 [WARNING] [Multiverse-Portals]  Portal 'SpleefLeave' not loaded due to invalid location!
2014-02-22 16:28:25 [WARNING] [Multiverse-Portals]  Failed Parsing World for: HardParkourLeave (World Error, World did not exist or was not imported into Multiverse-Core!)
2014-02-22 16:28:25 [WARNING] [Multiverse-Portals]  Portal HardParkourLeave has an invalid LOCATION!
2014-02-22 16:28:25 [WARNING] [Multiverse-Portals]  Portal 'HardParkourLeave' not loaded due to invalid location!
2014-02-22 16:28:25 [WARNING] [Multiverse-Portals]  Failed Parsing World for: FlyingAngelsLeave (World Error, World did not exist or was not imported into Multiverse-Core!)
2014-02-22 16:28:25 [WARNING] [Multiverse-Portals]  Portal FlyingAngelsLeave has an invalid LOCATION!
2014-02-22 16:28:25 [WARNING] [Multiverse-Portals]  Portal 'FlyingAngelsLeave' not loaded due to invalid location!
2014-02-22 16:28:25 [INFO] [Multiverse-Portals]  23 - Portals(s) loaded
2014-02-22 16:32:13 [WARNING] [Multiverse-Portals]  Failed Parsing World for: SpleefLeave (World Error, World did not exist or was not imported into Multiverse-Core!)
2014-02-22 16:32:13 [WARNING] [Multiverse-Portals]  Portal SpleefLeave has an invalid LOCATION!
2014-02-22 16:32:13 [WARNING] [Multiverse-Portals]  Portal 'SpleefLeave' not loaded due to invalid location!
2014-02-22 16:32:13 [WARNING] [Multiverse-Portals]  Failed Parsing World for: HardParkourLeave (World Error, World did not exist or was not imported into Multiverse-Core!)
2014-02-22 16:32:13 [WARNING] [Multiverse-Portals]  Portal HardParkourLeave has an invalid LOCATION!
2014-02-22 16:32:13 [WARNING] [Multiverse-Portals]  Portal 'HardParkourLeave' not loaded due to invalid location!
2014-02-22 16:32:13 [WARNING] [Multiverse-Portals]  Failed Parsing World for: FlyingAngelsLeave (World Error, World did not exist or was not imported into Multiverse-Core!)
2014-02-22 16:32:13 [WARNING] [Multiverse-Portals]  Portal FlyingAngelsLeave has an invalid LOCATION!
2014-02-22 16:32:13 [WARNING] [Multiverse-Portals]  Portal 'FlyingAngelsLeave' not loaded due to invalid location!
2014-02-22 16:32:14 [INFO] [Multiverse-Portals]  23 - Portals(s) loaded
2014-02-22 16:34:51 [INFO] [Multiverse-Portals]  17 - Portals(s) loaded
2014-02-22 16:37:06 [INFO] [Multiverse-Portals]  17 - Portals(s) loaded
2014-02-22 16:51:47 [INFO] [Multiverse-Portals]  17 - Portals(s) loaded
2014-02-22 16:54:10 [INFO] [Multiverse-Portals]  17 - Portals(s) loaded
2014-02-22 18:39:43 [INFO] [Multiverse-Portals]  23 - Portals(s) loaded
2014-02-22 19:21:00 [INFO] [Multiverse-Portals]  23 - Portals(s) loaded
2014-02-23 12:15:57 [INFO] [Multiverse-Portals]  23 - Portals(s) loaded
2014-02-23 13:10:28 [INFO] [Multiverse-Portals]  23 - Portals(s) loaded
2014-02-23 15:06:45 [INFO] [Multiverse-Portals]  25 - Portals(s) loaded
2014-02-23 15:54:58 [INFO] [Multiverse-Portals]  25 - Portals(s) loaded
2014-02-23 16:02:04 [INFO] [Multiverse-Portals]  25 - Portals(s) loaded
2014-02-23 16:43:24 [INFO] [Multiverse-Portals]  25 - Portals(s) loaded
2014-02-23 18:27:40 [INFO] [Multiverse-Portals]  25 - Portals(s) loaded
2014-02-23 20:26:40 [INFO] [Multiverse-Portals]  26 - Portals(s) loaded
2014-02-23 20:32:40 [INFO] [Multiverse-Portals]  26 - Portals(s) loaded
2014-02-23 20:54:04 [INFO] [Multiverse-Portals]  28 - Portals(s) loaded
2014-02-24 20:24:19 [INFO] [Multiverse-Portals]  30 - Portals(s) loaded
2014-02-24 20:40:53 [INFO] [Multiverse-Portals]  30 - Portals(s) loaded
2014-02-24 20:42:04 [INFO] [Multiverse-Portals]  30 - Portals(s) loaded
2014-02-24 20:44:07 [INFO] [Multiverse-Portals]  30 - Portals(s) loaded
2014-02-24 20:46:25 [INFO] [Multiverse-Portals]  30 - Portals(s) loaded
2014-02-25 21:09:02 [INFO] [Multiverse-Portals]  30 - Portals(s) loaded
2014-02-25 21:17:47 [INFO] [Multiverse-Portals]  30 - Portals(s) loaded
2014-02-26 20:22:53 [INFO] [Multiverse-Portals]  30 - Portals(s) loaded
2014-02-27 17:47:28 [INFO] [Multiverse-Portals]  30 - Portals(s) loaded
2014-02-27 21:06:30 [INFO] [Multiverse-Portals]  31 - Portals(s) loaded
2014-02-27 21:08:42 [INFO] [Multiverse-Portals]  31 - Portals(s) loaded
2014-02-28 14:06:32 [INFO] [Multiverse-Portals]  31 - Portals(s) loaded
2014-02-28 20:57:21 [INFO] [Multiverse-Portals]  32 - Portals(s) loaded
2014-03-01 11:15:50 [INFO] [Multiverse-Portals]  32 - Portals(s) loaded
2014-03-01 12:41:10 [INFO] [Multiverse-Portals]  32 - Portals(s) loaded
2014-03-01 16:17:46 [INFO] [Multiverse-Portals]  32 - Portals(s) loaded
2014-03-01 17:47:28 [INFO] [Multiverse-Portals]  32 - Portals(s) loaded
2014-03-01 18:05:14 [INFO] [Multiverse-Portals]  30 - Portals(s) loaded
2014-03-01 18:06:46 [INFO] [Multiverse-Portals]  30 - Portals(s) loaded
2014-03-01 18:18:36 [INFO] [Multiverse-Portals]  30 - Portals(s) loaded
2014-03-01 18:38:46 [INFO] [Multiverse-Portals]  30 - Portals(s) loaded
2014-03-01 20:30:14 [INFO] [Multiverse-Portals]  30 - Portals(s) loaded
2014-03-01 21:34:14 [INFO] [Multiverse-Portals]  30 - Portals(s) loaded
2014-03-02 11:26:08 [INFO] [Multiverse-Portals]  26 - Portals(s) loaded
2014-03-02 12:48:49 [INFO] [Multiverse-Portals]  26 - Portals(s) loaded
2014-03-02 19:05:25 [INFO] [Multiverse-Portals]  27 - Portals(s) loaded
2014-03-02 21:41:25 [INFO] [Multiverse-Portals]  27 - Portals(s) loaded
2014-03-02 21:43:12 [WARNING] [Multiverse-Portals]  Failed Parsing World for: GuildworldLeave (World Error, World did not exist or was not imported into Multiverse-Core!)
2014-03-02 21:43:12 [WARNING] [Multiverse-Portals]  Portal GuildworldLeave has an invalid LOCATION!
2014-03-02 21:43:12 [WARNING] [Multiverse-Portals]  Portal 'GuildworldLeave' not loaded due to invalid location!
2014-03-02 21:43:12 [INFO] [Multiverse-Portals]  27 - Portals(s) loaded
2014-03-02 21:46:11 [INFO] [Multiverse-Portals]  27 - Portals(s) loaded
2014-03-03 08:20:42 [INFO] [Multiverse-Portals]  27 - Portals(s) loaded
2014-03-03 08:36:49 [INFO] [Multiverse-Portals]  27 - Portals(s) loaded
2014-03-03 11:36:59 [INFO] [Multiverse-Portals]  27 - Portals(s) loaded
2014-03-03 12:53:26 [INFO] [Multiverse-Portals]  27 - Portals(s) loaded
2014-03-03 12:57:44 [INFO] [Multiverse-Portals]  27 - Portals(s) loaded
2014-03-03 13:43:38 [INFO] [Multiverse-Portals]  27 - Portals(s) loaded
2014-03-03 13:57:44 [INFO] [Multiverse-Portals]  27 - Portals(s) loaded
2014-03-03 14:46:06 [INFO] [Multiverse-Portals]  27 - Portals(s) loaded
2014-03-03 17:43:34 [INFO] [Multiverse-Portals]  27 - Portals(s) loaded
2014-03-03 17:48:22 [INFO] [Multiverse-Portals]  27 - Portals(s) loaded
2014-03-03 21:22:10 [INFO] [Multiverse-Portals]  28 - Portals(s) loaded
2014-03-03 21:28:37 [INFO] [Multiverse-Portals]  28 - Portals(s) loaded
2014-03-03 21:31:31 [INFO] [Multiverse-Portals]  28 - Portals(s) loaded
2014-03-03 21:33:02 [INFO] [Multiverse-Portals]  28 - Portals(s) loaded
2014-03-03 21:42:15 [INFO] [Multiverse-Portals]  28 - Portals(s) loaded
2014-03-03 21:43:34 [INFO] [Multiverse-Portals]  28 - Portals(s) loaded
2014-03-03 22:05:31 [INFO] [Multiverse-Portals]  28 - Portals(s) loaded
2014-03-04 09:54:45 [INFO] [Multiverse-Portals]  27 - Portals(s) loaded
2014-03-04 10:40:42 [INFO] [Multiverse-Portals]  27 - Portals(s) loaded
2014-03-04 13:10:41 [INFO] [Multiverse-Portals]  29 - Portals(s) loaded
2014-03-04 13:46:43 [INFO] [Multiverse-Portals]  29 - Portals(s) loaded
2014-03-04 13:56:20 [INFO] [Multiverse-Portals]  29 - Portals(s) loaded
2014-03-04 14:14:52 [INFO] [Multiverse-Portals]  29 - Portals(s) loaded
2014-03-04 14:18:01 [INFO] [Multiverse-Portals]  29 - Portals(s) loaded
2014-03-04 14:41:28 [INFO] [Multiverse-Portals]  29 - Portals(s) loaded
2014-03-04 16:04:15 [INFO] [Multiverse-Portals]  29 - Portals(s) loaded
2014-03-04 18:28:20 [INFO] [Multiverse-Portals]  29 - Portals(s) loaded
2014-03-04 18:50:45 [INFO] [Multiverse-Portals]  29 - Portals(s) loaded
2014-03-04 18:55:52 [INFO] [Multiverse-Portals]  29 - Portals(s) loaded
2014-03-04 19:06:04 [INFO] [Multiverse-Portals]  29 - Portals(s) loaded
2014-03-04 19:46:19 [INFO] [Multiverse-Portals]  29 - Portals(s) loaded
2014-03-04 19:50:09 [INFO] [Multiverse-Portals]  29 - Portals(s) loaded
2014-03-04 19:53:39 [INFO] [Multiverse-Portals]  29 - Portals(s) loaded
2014-03-04 20:23:02 [INFO] [Multiverse-Portals]  29 - Portals(s) loaded
2014-03-04 21:31:05 [INFO] [Multiverse-Portals]  29 - Portals(s) loaded
2014-03-05 21:36:21 [INFO] [Multiverse-Portals]  29 - Portals(s) loaded
2014-03-06 20:32:46 [INFO] [Multiverse-Portals]  29 - Portals(s) loaded
2014-03-07 16:18:48 [INFO] [Multiverse-Portals]  29 - Portals(s) loaded
2014-03-07 16:36:50 [INFO] [Multiverse-Portals]  29 - Portals(s) loaded
2014-03-07 16:38:32 [INFO] [Multiverse-Portals]  29 - Portals(s) loaded
2014-03-07 16:41:42 [INFO] [Multiverse-Portals]  29 - Portals(s) loaded
2014-03-07 17:16:17 [INFO] [Multiverse-Portals]  29 - Portals(s) loaded
2014-03-07 18:13:02 [INFO] [Multiverse-Portals]  29 - Portals(s) loaded
2014-03-07 18:29:43 [INFO] [Multiverse-Portals]  29 - Portals(s) loaded
2014-03-07 18:31:07 [INFO] [Multiverse-Portals]  29 - Portals(s) loaded
2014-03-07 18:39:11 [INFO] [Multiverse-Portals]  29 - Portals(s) loaded
2014-03-08 13:46:33 [INFO] [Multiverse-Portals]  29 - Portals(s) loaded
2014-03-08 14:25:39 [INFO] [Multiverse-Portals]  29 - Portals(s) loaded
2014-03-08 15:56:44 [INFO] [Multiverse-Portals]  29 - Portals(s) loaded
2014-03-08 16:23:28 [INFO] [Multiverse-Portals]  29 - Portals(s) loaded
2014-03-08 17:13:31 [INFO] [Multiverse-Portals]  18 - Portals(s) loaded
2014-03-08 18:09:22 [INFO] [Multiverse-Portals]  27 - Portals(s) loaded
2014-03-08 18:29:14 [INFO] [Multiverse-Portals]  27 - Portals(s) loaded
2014-03-08 19:59:21 [INFO] [Multiverse-Portals]  27 - Portals(s) loaded
2014-03-08 20:56:38 [INFO] [Multiverse-Portals]  27 - Portals(s) loaded
2014-03-08 21:07:59 [INFO] [Multiverse-Portals]  27 - Portals(s) loaded
2014-03-08 21:25:48 [INFO] [Multiverse-Portals]  27 - Portals(s) loaded
2014-03-09 10:57:09 [INFO] [Multiverse-Portals]  27 - Portals(s) loaded
2014-03-09 12:37:33 [INFO] [Multiverse-Portals]  29 - Portals(s) loaded
2014-03-09 14:48:42 [INFO] [Multiverse-Portals]  29 - Portals(s) loaded
2014-03-09 15:30:23 [INFO] [Multiverse-Portals]  29 - Portals(s) loaded
2014-03-09 16:03:34 [INFO] [Multiverse-Portals]  29 - Portals(s) loaded
2014-03-09 16:21:28 [INFO] [Multiverse-Portals]  29 - Portals(s) loaded
2014-03-09 18:59:55 [INFO] [Multiverse-Portals]  29 - Portals(s) loaded
2014-03-09 19:58:01 [INFO] [Multiverse-Portals]  29 - Portals(s) loaded
2014-03-09 20:53:10 [INFO] [Multiverse-Portals]  29 - Portals(s) loaded
2014-03-10 18:09:41 [INFO] [Multiverse-Portals]  29 - Portals(s) loaded
2014-03-10 21:35:56 [INFO] [Multiverse-Portals]  34 - Portals(s) loaded
2014-03-11 06:37:19 [INFO] [Multiverse-Portals]  34 - Portals(s) loaded
2014-03-11 19:41:16 [INFO] [Multiverse-Portals]  34 - Portals(s) loaded
2014-03-11 20:10:20 [INFO] [Multiverse-Portals]  34 - Portals(s) loaded
2014-03-12 17:52:10 [INFO] [Multiverse-Portals]  34 - Portals(s) loaded
2014-03-12 19:13:05 [INFO] [Multiverse-Portals]  34 - Portals(s) loaded
2014-03-12 19:13:47 [INFO] [Multiverse-Portals]  34 - Portals(s) loaded
2014-03-12 20:47:00 [INFO] [Multiverse-Portals]  34 - Portals(s) loaded
2014-03-12 21:13:57 [INFO] [Multiverse-Portals]  34 - Portals(s) loaded
2014-03-13 17:42:39 [INFO] [Multiverse-Portals]  34 - Portals(s) loaded
2014-03-15 18:45:38 [INFO] [Multiverse-Portals]  34 - Portals(s) loaded
2014-03-15 19:52:02 [INFO] [Multiverse-Portals]  34 - Portals(s) loaded
2014-03-15 20:28:23 [INFO] [Multiverse-Portals]  34 - Portals(s) loaded
2014-03-15 21:45:40 [INFO] [Multiverse-Portals]  34 - Portals(s) loaded
2014-03-16 11:09:57 [INFO] [Multiverse-Portals]  34 - Portals(s) loaded
2014-03-16 14:25:08 [INFO] [Multiverse-Portals]  34 - Portals(s) loaded
2014-03-16 14:37:57 [INFO] [Multiverse-Portals]  34 - Portals(s) loaded
2014-03-16 19:19:24 [INFO] [Multiverse-Portals]  34 - Portals(s) loaded
2014-03-16 19:23:03 [INFO] [Multiverse-Portals]  34 - Portals(s) loaded
2014-03-16 20:11:21 [INFO] [Multiverse-Portals]  34 - Portals(s) loaded
2014-03-16 20:53:50 [INFO] [Multiverse-Portals]  34 - Portals(s) loaded
2014-03-16 21:10:33 [INFO] [Multiverse-Portals]  34 - Portals(s) loaded
2014-03-16 21:17:17 [INFO] [Multiverse-Portals]  34 - Portals(s) loaded
2014-03-17 09:46:49 [INFO] [Multiverse-Portals]  34 - Portals(s) loaded
2014-03-17 10:49:02 [INFO] [Multiverse-Portals]  34 - Portals(s) loaded
2014-03-17 12:46:05 [INFO] [Multiverse-Portals]  38 - Portals(s) loaded
2014-03-18 19:01:08 [INFO] [Multiverse-Portals]  38 - Portals(s) loaded
2014-03-18 19:02:15 [INFO] [Multiverse-Portals]  38 - Portals(s) loaded
2014-03-18 19:22:50 [INFO] [Multiverse-Portals]  34 - Portals(s) loaded
2014-03-18 20:04:14 [INFO] [Multiverse-Portals]  34 - Portals(s) loaded
2014-03-18 21:20:06 [INFO] [Multiverse-Portals]  34 - Portals(s) loaded
2014-03-19 20:00:13 [INFO] [Multiverse-Portals]  34 - Portals(s) loaded
2014-03-21 20:46:21 [INFO] [Multiverse-Portals]  34 - Portals(s) loaded
2014-03-21 20:54:12 [INFO] [Multiverse-Portals]  34 - Portals(s) loaded
2014-03-22 14:28:38 [INFO] [Multiverse-Portals]  37 - Portals(s) loaded
2014-03-22 17:30:17 [INFO] [Multiverse-Portals]  39 - Portals(s) loaded
2014-03-25 17:11:39 [INFO] [Multiverse-Portals]  39 - Portals(s) loaded
2014-03-25 19:54:05 [INFO] [Multiverse-Portals]  39 - Portals(s) loaded
2014-03-26 19:09:04 [INFO] [Multiverse-Portals]  35 - Portals(s) loaded
2014-03-31 18:59:33 [INFO] [Multiverse-Portals]  35 - Portals(s) loaded
2014-03-31 21:34:49 [INFO] [Multiverse-Portals]  35 - Portals(s) loaded
2014-04-02 20:20:29 [INFO] [Multiverse-Portals]  35 - Portals(s) loaded
2014-04-03 19:22:03 [INFO] [Multiverse-Portals]  35 - Portals(s) loaded
2014-04-04 20:53:58 [INFO] [Multiverse-Portals]  34 - Portals(s) loaded
2014-04-05 20:56:27 [INFO] [Multiverse-Portals]  34 - Portals(s) loaded
2014-04-06 17:42:53 [INFO] [Multiverse-Portals]  34 - Portals(s) loaded
2014-04-06 19:12:38 [INFO] [Multiverse-Portals]  34 - Portals(s) loaded
2014-04-06 20:01:02 [INFO] [Multiverse-Portals]  34 - Portals(s) loaded
2014-04-07 17:59:19 [INFO] [Multiverse-Portals]  34 - Portals(s) loaded
2014-04-08 19:33:35 [INFO] [Multiverse-Portals]  34 - Portals(s) loaded
2014-04-09 19:39:35 [INFO] [Multiverse-Portals]  34 - Portals(s) loaded
2014-04-10 21:10:06 [INFO] [Multiverse-Portals]  34 - Portals(s) loaded
2014-04-11 21:12:40 [INFO] [Multiverse-Portals]  34 - Portals(s) loaded
2014-04-12 07:58:48 [INFO] [Multiverse-Portals]  34 - Portals(s) loaded
2014-04-12 19:45:46 [INFO] [Multiverse-Portals]  34 - Portals(s) loaded
2014-04-12 21:10:51 [INFO] [Multiverse-Portals]  34 - Portals(s) loaded
2014-04-13 13:10:06 [INFO] [Multiverse-Portals]  34 - Portals(s) loaded
2014-04-13 20:53:02 [INFO] [Multiverse-Portals]  34 - Portals(s) loaded
2014-04-16 15:27:02 [INFO] [Multiverse-Portals]  34 - Portals(s) loaded
2014-04-17 12:28:27 [INFO] [Multiverse-Portals]  34 - Portals(s) loaded
2014-04-19 18:24:29 [INFO] [Multiverse-Portals]  34 - Portals(s) loaded
2014-06-06 21:22:16 [INFO] [Multiverse-Portals]  34 - Portals(s) loaded
2025-04-02 16:44:28 [WARNING] [Multiverse-Portals]  Failed Parsing World for: FlyPaintLeave (World Error, World did not exist or was not imported into Multiverse-Core!)
2025-04-02 16:44:28 [WARNING] [Multiverse-Portals]  Portal FlyPaintLeave has an invalid LOCATION!
2025-04-02 16:44:28 [WARNING] [Multiverse-Portals]  Portal 'FlyPaintLeave' not loaded due to invalid location!
2025-04-02 16:44:29 [WARNING] [Multiverse-Portals]  Failed Parsing World for: SpleefLeave (World Error, World did not exist or was not imported into Multiverse-Core!)
2025-04-02 16:44:29 [WARNING] [Multiverse-Portals]  Portal SpleefLeave has an invalid LOCATION!
2025-04-02 16:44:29 [WARNING] [Multiverse-Portals]  Portal 'SpleefLeave' not loaded due to invalid location!
2025-04-02 16:44:29 [WARNING] [Multiverse-Portals]  Failed Parsing World for: IcePvPFall (World Error, World did not exist or was not imported into Multiverse-Core!)
2025-04-02 16:44:29 [WARNING] [Multiverse-Portals]  Portal IcePvPFall has an invalid LOCATION!
2025-04-02 16:44:29 [WARNING] [Multiverse-Portals]  Portal 'IcePvPFall' not loaded due to invalid location!
2025-04-02 16:44:29 [WARNING] [Multiverse-Portals]  Failed Parsing World for: ParkourFall (World Error, World did not exist or was not imported into Multiverse-Core!)
2025-04-02 16:44:29 [WARNING] [Multiverse-Portals]  Portal ParkourFall has an invalid LOCATION!
2025-04-02 16:44:29 [WARNING] [Multiverse-Portals]  Portal 'ParkourFall' not loaded due to invalid location!
2025-04-02 16:44:29 [WARNING] [Multiverse-Portals]  Failed Parsing World for: ParkourWinner (World Error, World did not exist or was not imported into Multiverse-Core!)
2025-04-02 16:44:29 [WARNING] [Multiverse-Portals]  Portal ParkourWinner has an invalid LOCATION!
2025-04-02 16:44:29 [WARNING] [Multiverse-Portals]  Portal 'ParkourWinner' not loaded due to invalid location!
2025-04-02 16:44:29 [WARNING] [Multiverse-Portals]  Failed Parsing World for: PropHuntLeave (World Error, World did not exist or was not imported into Multiverse-Core!)
2025-04-02 16:44:29 [WARNING] [Multiverse-Portals]  Portal PropHuntLeave has an invalid LOCATION!
2025-04-02 16:44:29 [WARNING] [Multiverse-Portals]  Portal 'PropHuntLeave' not loaded due to invalid location!
2025-04-02 16:44:29 [WARNING] [Multiverse-Portals]  Failed Parsing World for: HungerGamesLeave (World Error, World did not exist or was not imported into Multiverse-Core!)
2025-04-02 16:44:29 [WARNING] [Multiverse-Portals]  Portal HungerGamesLeave has an invalid LOCATION!
2025-04-02 16:44:29 [WARNING] [Multiverse-Portals]  Portal 'HungerGamesLeave' not loaded due to invalid location!
2025-04-02 16:44:29 [WARNING] [Multiverse-Portals]  Failed Parsing World for: KOFHFall (World Error, World did not exist or was not imported into Multiverse-Core!)
2025-04-02 16:44:29 [WARNING] [Multiverse-Portals]  Portal KOFHFall has an invalid LOCATION!
2025-04-02 16:44:29 [WARNING] [Multiverse-Portals]  Portal 'KOFHFall' not loaded due to invalid location!
2025-04-02 16:44:29 [WARNING] [Multiverse-Portals]  Failed Parsing World for: ParkourLeave (World Error, World did not exist or was not imported into Multiverse-Core!)
2025-04-02 16:44:29 [WARNING] [Multiverse-Portals]  Portal ParkourLeave has an invalid LOCATION!
2025-04-02 16:44:29 [WARNING] [Multiverse-Portals]  Portal 'ParkourLeave' not loaded due to invalid location!
2025-04-02 16:44:29 [WARNING] [Multiverse-Portals]  Failed Parsing World for: HPW (World Error, World did not exist or was not imported into Multiverse-Core!)
2025-04-02 16:44:29 [WARNING] [Multiverse-Portals]  Portal HPW has an invalid LOCATION!
2025-04-02 16:44:29 [WARNING] [Multiverse-Portals]  Portal 'HPW' not loaded due to invalid location!
2025-04-02 16:44:29 [WARNING] [Multiverse-Portals]  Failed Parsing World for: MiniGamesEntrance (World Error, World did not exist or was not imported into Multiverse-Core!)
2025-04-02 16:44:29 [WARNING] [Multiverse-Portals]  Portal MiniGamesEntrance has an invalid LOCATION!
2025-04-02 16:44:29 [WARNING] [Multiverse-Portals]  Portal 'MiniGamesEntrance' not loaded due to invalid location!
2025-04-02 16:44:29 [WARNING] [Multiverse-Portals]  Failed Parsing World for: GuildWorldEntry (World Error, World did not exist or was not imported into Multiverse-Core!)
2025-04-02 16:44:29 [WARNING] [Multiverse-Portals]  Portal GuildWorldEntry has an invalid LOCATION!
2025-04-02 16:44:29 [WARNING] [Multiverse-Portals]  Portal 'GuildWorldEntry' not loaded due to invalid location!
2025-04-02 16:44:29 [INFO] [Multiverse-Portals]  34 - Portals(s) loaded
2025-04-02 16:44:56 [WARNING] [Multiverse-Portals]  Failed Parsing World for: FlyPaintLeave (World Error, World did not exist or was not imported into Multiverse-Core!)
2025-04-02 16:44:56 [WARNING] [Multiverse-Portals]  Portal FlyPaintLeave has an invalid LOCATION!
2025-04-02 16:44:56 [WARNING] [Multiverse-Portals]  Portal 'FlyPaintLeave' not loaded due to invalid location!
2025-04-02 16:44:56 [WARNING] [Multiverse-Portals]  Failed Parsing World for: SpleefLeave (World Error, World did not exist or was not imported into Multiverse-Core!)
2025-04-02 16:44:56 [WARNING] [Multiverse-Portals]  Portal SpleefLeave has an invalid LOCATION!
2025-04-02 16:44:56 [WARNING] [Multiverse-Portals]  Portal 'SpleefLeave' not loaded due to invalid location!
2025-04-02 16:44:56 [WARNING] [Multiverse-Portals]  Failed Parsing World for: IcePvPFall (World Error, World did not exist or was not imported into Multiverse-Core!)
2025-04-02 16:44:56 [WARNING] [Multiverse-Portals]  Portal IcePvPFall has an invalid LOCATION!
2025-04-02 16:44:56 [WARNING] [Multiverse-Portals]  Portal 'IcePvPFall' not loaded due to invalid location!
2025-04-02 16:44:56 [WARNING] [Multiverse-Portals]  Failed Parsing World for: ParkourFall (World Error, World did not exist or was not imported into Multiverse-Core!)
2025-04-02 16:44:56 [WARNING] [Multiverse-Portals]  Portal ParkourFall has an invalid LOCATION!
2025-04-02 16:44:56 [WARNING] [Multiverse-Portals]  Portal 'ParkourFall' not loaded due to invalid location!
2025-04-02 16:44:56 [WARNING] [Multiverse-Portals]  Failed Parsing World for: ParkourWinner (World Error, World did not exist or was not imported into Multiverse-Core!)
2025-04-02 16:44:56 [WARNING] [Multiverse-Portals]  Portal ParkourWinner has an invalid LOCATION!
2025-04-02 16:44:56 [WARNING] [Multiverse-Portals]  Portal 'ParkourWinner' not loaded due to invalid location!
2025-04-02 16:44:56 [WARNING] [Multiverse-Portals]  Failed Parsing World for: PropHuntLeave (World Error, World did not exist or was not imported into Multiverse-Core!)
2025-04-02 16:44:56 [WARNING] [Multiverse-Portals]  Portal PropHuntLeave has an invalid LOCATION!
2025-04-02 16:44:56 [WARNING] [Multiverse-Portals]  Portal 'PropHuntLeave' not loaded due to invalid location!
2025-04-02 16:44:56 [WARNING] [Multiverse-Portals]  Failed Parsing World for: HungerGamesLeave (World Error, World did not exist or was not imported into Multiverse-Core!)
2025-04-02 16:44:56 [WARNING] [Multiverse-Portals]  Portal HungerGamesLeave has an invalid LOCATION!
2025-04-02 16:44:56 [WARNING] [Multiverse-Portals]  Portal 'HungerGamesLeave' not loaded due to invalid location!
2025-04-02 16:44:56 [WARNING] [Multiverse-Portals]  Failed Parsing World for: KOFHFall (World Error, World did not exist or was not imported into Multiverse-Core!)
2025-04-02 16:44:56 [WARNING] [Multiverse-Portals]  Portal KOFHFall has an invalid LOCATION!
2025-04-02 16:44:56 [WARNING] [Multiverse-Portals]  Portal 'KOFHFall' not loaded due to invalid location!
2025-04-02 16:44:56 [WARNING] [Multiverse-Portals]  Failed Parsing World for: ParkourLeave (World Error, World did not exist or was not imported into Multiverse-Core!)
2025-04-02 16:44:56 [WARNING] [Multiverse-Portals]  Portal ParkourLeave has an invalid LOCATION!
2025-04-02 16:44:56 [WARNING] [Multiverse-Portals]  Portal 'ParkourLeave' not loaded due to invalid location!
2025-04-02 16:44:57 [WARNING] [Multiverse-Portals]  Failed Parsing World for: HPW (World Error, World did not exist or was not imported into Multiverse-Core!)
2025-04-02 16:44:57 [WARNING] [Multiverse-Portals]  Portal HPW has an invalid LOCATION!
2025-04-02 16:44:57 [WARNING] [Multiverse-Portals]  Portal 'HPW' not loaded due to invalid location!
2025-04-02 16:44:57 [WARNING] [Multiverse-Portals]  Failed Parsing World for: MiniGamesEntrance (World Error, World did not exist or was not imported into Multiverse-Core!)
2025-04-02 16:44:57 [WARNING] [Multiverse-Portals]  Portal MiniGamesEntrance has an invalid LOCATION!
2025-04-02 16:44:57 [WARNING] [Multiverse-Portals]  Portal 'MiniGamesEntrance' not loaded due to invalid location!
2025-04-02 16:44:57 [WARNING] [Multiverse-Portals]  Failed Parsing World for: GuildWorldEntry (World Error, World did not exist or was not imported into Multiverse-Core!)
2025-04-02 16:44:57 [WARNING] [Multiverse-Portals]  Portal GuildWorldEntry has an invalid LOCATION!
2025-04-02 16:44:57 [WARNING] [Multiverse-Portals]  Portal 'GuildWorldEntry' not loaded due to invalid location!
2025-04-02 16:44:57 [INFO] [Multiverse-Portals]  34 - Portals(s) loaded
2025-04-02 16:51:20 [WARNING] [Multiverse-Portals]  Failed Parsing World for: FlyPaintLeave (World Error, World did not exist or was not imported into Multiverse-Core!)
2025-04-02 16:51:20 [WARNING] [Multiverse-Portals]  Portal FlyPaintLeave has an invalid LOCATION!
2025-04-02 16:51:20 [WARNING] [Multiverse-Portals]  Portal 'FlyPaintLeave' not loaded due to invalid location!
2025-04-02 16:51:20 [WARNING] [Multiverse-Portals]  Failed Parsing World for: SpleefLeave (World Error, World did not exist or was not imported into Multiverse-Core!)
2025-04-02 16:51:20 [WARNING] [Multiverse-Portals]  Portal SpleefLeave has an invalid LOCATION!
2025-04-02 16:51:20 [WARNING] [Multiverse-Portals]  Portal 'SpleefLeave' not loaded due to invalid location!
2025-04-02 16:51:20 [WARNING] [Multiverse-Portals]  Failed Parsing World for: IcePvPFall (World Error, World did not exist or was not imported into Multiverse-Core!)
2025-04-02 16:51:20 [WARNING] [Multiverse-Portals]  Portal IcePvPFall has an invalid LOCATION!
2025-04-02 16:51:20 [WARNING] [Multiverse-Portals]  Portal 'IcePvPFall' not loaded due to invalid location!
2025-04-02 16:51:21 [WARNING] [Multiverse-Portals]  Failed Parsing World for: ParkourFall (World Error, World did not exist or was not imported into Multiverse-Core!)
2025-04-02 16:51:21 [WARNING] [Multiverse-Portals]  Portal ParkourFall has an invalid LOCATION!
2025-04-02 16:51:21 [WARNING] [Multiverse-Portals]  Portal 'ParkourFall' not loaded due to invalid location!
2025-04-02 16:51:21 [WARNING] [Multiverse-Portals]  Failed Parsing World for: ParkourWinner (World Error, World did not exist or was not imported into Multiverse-Core!)
2025-04-02 16:51:21 [WARNING] [Multiverse-Portals]  Portal ParkourWinner has an invalid LOCATION!
2025-04-02 16:51:21 [WARNING] [Multiverse-Portals]  Portal 'ParkourWinner' not loaded due to invalid location!
2025-04-02 16:51:21 [WARNING] [Multiverse-Portals]  Failed Parsing World for: PropHuntLeave (World Error, World did not exist or was not imported into Multiverse-Core!)
2025-04-02 16:51:21 [WARNING] [Multiverse-Portals]  Portal PropHuntLeave has an invalid LOCATION!
2025-04-02 16:51:21 [WARNING] [Multiverse-Portals]  Portal 'PropHuntLeave' not loaded due to invalid location!
2025-04-02 16:51:21 [WARNING] [Multiverse-Portals]  Failed Parsing World for: HungerGamesLeave (World Error, World did not exist or was not imported into Multiverse-Core!)
2025-04-02 16:51:21 [WARNING] [Multiverse-Portals]  Portal HungerGamesLeave has an invalid LOCATION!
2025-04-02 16:51:21 [WARNING] [Multiverse-Portals]  Portal 'HungerGamesLeave' not loaded due to invalid location!
2025-04-02 16:51:21 [WARNING] [Multiverse-Portals]  Failed Parsing World for: KOFHFall (World Error, World did not exist or was not imported into Multiverse-Core!)
2025-04-02 16:51:21 [WARNING] [Multiverse-Portals]  Portal KOFHFall has an invalid LOCATION!
2025-04-02 16:51:21 [WARNING] [Multiverse-Portals]  Portal 'KOFHFall' not loaded due to invalid location!
2025-04-02 16:51:21 [WARNING] [Multiverse-Portals]  Failed Parsing World for: ParkourLeave (World Error, World did not exist or was not imported into Multiverse-Core!)
2025-04-02 16:51:21 [WARNING] [Multiverse-Portals]  Portal ParkourLeave has an invalid LOCATION!
2025-04-02 16:51:21 [WARNING] [Multiverse-Portals]  Portal 'ParkourLeave' not loaded due to invalid location!
2025-04-02 16:51:21 [WARNING] [Multiverse-Portals]  Failed Parsing World for: HPW (World Error, World did not exist or was not imported into Multiverse-Core!)
2025-04-02 16:51:21 [WARNING] [Multiverse-Portals]  Portal HPW has an invalid LOCATION!
2025-04-02 16:51:21 [WARNING] [Multiverse-Portals]  Portal 'HPW' not loaded due to invalid location!
2025-04-02 16:51:21 [WARNING] [Multiverse-Portals]  Failed Parsing World for: MiniGamesEntrance (World Error, World did not exist or was not imported into Multiverse-Core!)
2025-04-02 16:51:21 [WARNING] [Multiverse-Portals]  Portal MiniGamesEntrance has an invalid LOCATION!
2025-04-02 16:51:21 [WARNING] [Multiverse-Portals]  Portal 'MiniGamesEntrance' not loaded due to invalid location!
2025-04-02 16:51:21 [WARNING] [Multiverse-Portals]  Failed Parsing World for: GuildWorldEntry (World Error, World did not exist or was not imported into Multiverse-Core!)
2025-04-02 16:51:21 [WARNING] [Multiverse-Portals]  Portal GuildWorldEntry has an invalid LOCATION!
2025-04-02 16:51:21 [WARNING] [Multiverse-Portals]  Portal 'GuildWorldEntry' not loaded due to invalid location!
2025-04-02 16:51:21 [INFO] [Multiverse-Portals]  34 - Portals(s) loaded
2025-04-02 17:17:01 [WARNING] [Multiverse-Portals]  Failed Parsing World for: FlyPaintLeave (World Error, World did not exist or was not imported into Multiverse-Core!)
2025-04-02 17:17:01 [WARNING] [Multiverse-Portals]  Portal FlyPaintLeave has an invalid LOCATION!
2025-04-02 17:17:01 [WARNING] [Multiverse-Portals]  Portal 'FlyPaintLeave' not loaded due to invalid location!
2025-04-02 17:17:01 [WARNING] [Multiverse-Portals]  Failed Parsing World for: SpleefLeave (World Error, World did not exist or was not imported into Multiverse-Core!)
2025-04-02 17:17:01 [WARNING] [Multiverse-Portals]  Portal SpleefLeave has an invalid LOCATION!
2025-04-02 17:17:01 [WARNING] [Multiverse-Portals]  Portal 'SpleefLeave' not loaded due to invalid location!
2025-04-02 17:17:01 [WARNING] [Multiverse-Portals]  Failed Parsing World for: IcePvPFall (World Error, World did not exist or was not imported into Multiverse-Core!)
2025-04-02 17:17:01 [WARNING] [Multiverse-Portals]  Portal IcePvPFall has an invalid LOCATION!
2025-04-02 17:17:01 [WARNING] [Multiverse-Portals]  Portal 'IcePvPFall' not loaded due to invalid location!
2025-04-02 17:17:01 [WARNING] [Multiverse-Portals]  Failed Parsing World for: ParkourFall (World Error, World did not exist or was not imported into Multiverse-Core!)
2025-04-02 17:17:01 [WARNING] [Multiverse-Portals]  Portal ParkourFall has an invalid LOCATION!
2025-04-02 17:17:01 [WARNING] [Multiverse-Portals]  Portal 'ParkourFall' not loaded due to invalid location!
2025-04-02 17:17:01 [WARNING] [Multiverse-Portals]  Failed Parsing World for: ParkourWinner (World Error, World did not exist or was not imported into Multiverse-Core!)
2025-04-02 17:17:01 [WARNING] [Multiverse-Portals]  Portal ParkourWinner has an invalid LOCATION!
2025-04-02 17:17:01 [WARNING] [Multiverse-Portals]  Portal 'ParkourWinner' not loaded due to invalid location!
2025-04-02 17:17:01 [WARNING] [Multiverse-Portals]  Failed Parsing World for: PropHuntLeave (World Error, World did not exist or was not imported into Multiverse-Core!)
2025-04-02 17:17:01 [WARNING] [Multiverse-Portals]  Portal PropHuntLeave has an invalid LOCATION!
2025-04-02 17:17:01 [WARNING] [Multiverse-Portals]  Portal 'PropHuntLeave' not loaded due to invalid location!
2025-04-02 17:17:01 [WARNING] [Multiverse-Portals]  Failed Parsing World for: HungerGamesLeave (World Error, World did not exist or was not imported into Multiverse-Core!)
2025-04-02 17:17:01 [WARNING] [Multiverse-Portals]  Portal HungerGamesLeave has an invalid LOCATION!
2025-04-02 17:17:01 [WARNING] [Multiverse-Portals]  Portal 'HungerGamesLeave' not loaded due to invalid location!
2025-04-02 17:17:01 [WARNING] [Multiverse-Portals]  Failed Parsing World for: KOFHFall (World Error, World did not exist or was not imported into Multiverse-Core!)
2025-04-02 17:17:01 [WARNING] [Multiverse-Portals]  Portal KOFHFall has an invalid LOCATION!
2025-04-02 17:17:01 [WARNING] [Multiverse-Portals]  Portal 'KOFHFall' not loaded due to invalid location!
2025-04-02 17:17:02 [WARNING] [Multiverse-Portals]  Failed Parsing World for: ParkourLeave (World Error, World did not exist or was not imported into Multiverse-Core!)
2025-04-02 17:17:02 [WARNING] [Multiverse-Portals]  Portal ParkourLeave has an invalid LOCATION!
2025-04-02 17:17:02 [WARNING] [Multiverse-Portals]  Portal 'ParkourLeave' not loaded due to invalid location!
2025-04-02 17:17:02 [WARNING] [Multiverse-Portals]  Failed Parsing World for: HPW (World Error, World did not exist or was not imported into Multiverse-Core!)
2025-04-02 17:17:02 [WARNING] [Multiverse-Portals]  Portal HPW has an invalid LOCATION!
2025-04-02 17:17:02 [WARNING] [Multiverse-Portals]  Portal 'HPW' not loaded due to invalid location!
2025-04-02 17:17:02 [WARNING] [Multiverse-Portals]  Failed Parsing World for: MiniGamesEntrance (World Error, World did not exist or was not imported into Multiverse-Core!)
2025-04-02 17:17:02 [WARNING] [Multiverse-Portals]  Portal MiniGamesEntrance has an invalid LOCATION!
2025-04-02 17:17:02 [WARNING] [Multiverse-Portals]  Portal 'MiniGamesEntrance' not loaded due to invalid location!
2025-04-02 17:17:02 [WARNING] [Multiverse-Portals]  Failed Parsing World for: GuildWorldEntry (World Error, World did not exist or was not imported into Multiverse-Core!)
2025-04-02 17:17:02 [WARNING] [Multiverse-Portals]  Portal GuildWorldEntry has an invalid LOCATION!
2025-04-02 17:17:02 [WARNING] [Multiverse-Portals]  Portal 'GuildWorldEntry' not loaded due to invalid location!
2025-04-02 17:17:02 [INFO] [Multiverse-Portals]  34 - Portals(s) loaded
2025-04-02 17:24:34 [WARNING] [Multiverse-Portals]  Failed Parsing World for: FlyPaintLeave (World Error, World did not exist or was not imported into Multiverse-Core!)
2025-04-02 17:24:34 [WARNING] [Multiverse-Portals]  Portal FlyPaintLeave has an invalid LOCATION!
2025-04-02 17:24:34 [WARNING] [Multiverse-Portals]  Portal 'FlyPaintLeave' not loaded due to invalid location!
2025-04-02 17:24:34 [WARNING] [Multiverse-Portals]  Failed Parsing World for: SpleefLeave (World Error, World did not exist or was not imported into Multiverse-Core!)
2025-04-02 17:24:34 [WARNING] [Multiverse-Portals]  Portal SpleefLeave has an invalid LOCATION!
2025-04-02 17:24:34 [WARNING] [Multiverse-Portals]  Portal 'SpleefLeave' not loaded due to invalid location!
2025-04-02 17:24:34 [WARNING] [Multiverse-Portals]  Failed Parsing World for: IcePvPFall (World Error, World did not exist or was not imported into Multiverse-Core!)
2025-04-02 17:24:34 [WARNING] [Multiverse-Portals]  Portal IcePvPFall has an invalid LOCATION!
2025-04-02 17:24:34 [WARNING] [Multiverse-Portals]  Portal 'IcePvPFall' not loaded due to invalid location!
2025-04-02 17:24:34 [WARNING] [Multiverse-Portals]  Failed Parsing World for: ParkourFall (World Error, World did not exist or was not imported into Multiverse-Core!)
2025-04-02 17:24:34 [WARNING] [Multiverse-Portals]  Portal ParkourFall has an invalid LOCATION!
2025-04-02 17:24:34 [WARNING] [Multiverse-Portals]  Portal 'ParkourFall' not loaded due to invalid location!
2025-04-02 17:24:34 [WARNING] [Multiverse-Portals]  Failed Parsing World for: ParkourWinner (World Error, World did not exist or was not imported into Multiverse-Core!)
2025-04-02 17:24:34 [WARNING] [Multiverse-Portals]  Portal ParkourWinner has an invalid LOCATION!
2025-04-02 17:24:34 [WARNING] [Multiverse-Portals]  Portal 'ParkourWinner' not loaded due to invalid location!
2025-04-02 17:24:35 [WARNING] [Multiverse-Portals]  Failed Parsing World for: PropHuntLeave (World Error, World did not exist or was not imported into Multiverse-Core!)
2025-04-02 17:24:35 [WARNING] [Multiverse-Portals]  Portal PropHuntLeave has an invalid LOCATION!
2025-04-02 17:24:35 [WARNING] [Multiverse-Portals]  Portal 'PropHuntLeave' not loaded due to invalid location!
2025-04-02 17:24:35 [WARNING] [Multiverse-Portals]  Failed Parsing World for: HungerGamesLeave (World Error, World did not exist or was not imported into Multiverse-Core!)
2025-04-02 17:24:35 [WARNING] [Multiverse-Portals]  Portal HungerGamesLeave has an invalid LOCATION!
2025-04-02 17:24:35 [WARNING] [Multiverse-Portals]  Portal 'HungerGamesLeave' not loaded due to invalid location!
2025-04-02 17:24:35 [WARNING] [Multiverse-Portals]  Failed Parsing World for: KOFHFall (World Error, World did not exist or was not imported into Multiverse-Core!)
2025-04-02 17:24:35 [WARNING] [Multiverse-Portals]  Portal KOFHFall has an invalid LOCATION!
2025-04-02 17:24:35 [WARNING] [Multiverse-Portals]  Portal 'KOFHFall' not loaded due to invalid location!
2025-04-02 17:24:35 [WARNING] [Multiverse-Portals]  Failed Parsing World for: ParkourLeave (World Error, World did not exist or was not imported into Multiverse-Core!)
2025-04-02 17:24:35 [WARNING] [Multiverse-Portals]  Portal ParkourLeave has an invalid LOCATION!
2025-04-02 17:24:35 [WARNING] [Multiverse-Portals]  Portal 'ParkourLeave' not loaded due to invalid location!
2025-04-02 17:24:35 [WARNING] [Multiverse-Portals]  Failed Parsing World for: HPW (World Error, World did not exist or was not imported into Multiverse-Core!)
2025-04-02 17:24:35 [WARNING] [Multiverse-Portals]  Portal HPW has an invalid LOCATION!
2025-04-02 17:24:35 [WARNING] [Multiverse-Portals]  Portal 'HPW' not loaded due to invalid location!
2025-04-02 17:24:35 [WARNING] [Multiverse-Portals]  Failed Parsing World for: MiniGamesEntrance (World Error, World did not exist or was not imported into Multiverse-Core!)
2025-04-02 17:24:35 [WARNING] [Multiverse-Portals]  Portal MiniGamesEntrance has an invalid LOCATION!
2025-04-02 17:24:35 [WARNING] [Multiverse-Portals]  Portal 'MiniGamesEntrance' not loaded due to invalid location!
2025-04-02 17:24:35 [WARNING] [Multiverse-Portals]  Failed Parsing World for: GuildWorldEntry (World Error, World did not exist or was not imported into Multiverse-Core!)
2025-04-02 17:24:35 [WARNING] [Multiverse-Portals]  Portal GuildWorldEntry has an invalid LOCATION!
2025-04-02 17:24:35 [WARNING] [Multiverse-Portals]  Portal 'GuildWorldEntry' not loaded due to invalid location!
2025-04-02 17:24:35 [INFO] [Multiverse-Portals]  34 - Portals(s) loaded
2025-04-11 18:12:45 [WARNING] [Multiverse-Portals]  Failed Parsing World for: FlyPaintLeave (World Error, World did not exist or was not imported into Multiverse-Core!)
2025-04-11 18:12:45 [WARNING] [Multiverse-Portals]  Portal FlyPaintLeave has an invalid LOCATION!
2025-04-11 18:12:45 [WARNING] [Multiverse-Portals]  Portal 'FlyPaintLeave' not loaded due to invalid location!
2025-04-11 18:12:45 [WARNING] [Multiverse-Portals]  Failed Parsing World for: SpleefLeave (World Error, World did not exist or was not imported into Multiverse-Core!)
2025-04-11 18:12:45 [WARNING] [Multiverse-Portals]  Portal SpleefLeave has an invalid LOCATION!
2025-04-11 18:12:45 [WARNING] [Multiverse-Portals]  Portal 'SpleefLeave' not loaded due to invalid location!
2025-04-11 18:12:45 [WARNING] [Multiverse-Portals]  Failed Parsing World for: IcePvPFall (World Error, World did not exist or was not imported into Multiverse-Core!)
2025-04-11 18:12:45 [WARNING] [Multiverse-Portals]  Portal IcePvPFall has an invalid LOCATION!
2025-04-11 18:12:45 [WARNING] [Multiverse-Portals]  Portal 'IcePvPFall' not loaded due to invalid location!
2025-04-11 18:12:45 [WARNING] [Multiverse-Portals]  Failed Parsing World for: ParkourFall (World Error, World did not exist or was not imported into Multiverse-Core!)
2025-04-11 18:12:45 [WARNING] [Multiverse-Portals]  Portal ParkourFall has an invalid LOCATION!
2025-04-11 18:12:45 [WARNING] [Multiverse-Portals]  Portal 'ParkourFall' not loaded due to invalid location!
2025-04-11 18:12:45 [WARNING] [Multiverse-Portals]  Failed Parsing World for: ParkourWinner (World Error, World did not exist or was not imported into Multiverse-Core!)
2025-04-11 18:12:45 [WARNING] [Multiverse-Portals]  Portal ParkourWinner has an invalid LOCATION!
2025-04-11 18:12:45 [WARNING] [Multiverse-Portals]  Portal 'ParkourWinner' not loaded due to invalid location!
2025-04-11 18:12:45 [WARNING] [Multiverse-Portals]  Failed Parsing World for: PropHuntLeave (World Error, World did not exist or was not imported into Multiverse-Core!)
2025-04-11 18:12:45 [WARNING] [Multiverse-Portals]  Portal PropHuntLeave has an invalid LOCATION!
2025-04-11 18:12:45 [WARNING] [Multiverse-Portals]  Portal 'PropHuntLeave' not loaded due to invalid location!
2025-04-11 18:12:45 [WARNING] [Multiverse-Portals]  Failed Parsing World for: HungerGamesLeave (World Error, World did not exist or was not imported into Multiverse-Core!)
2025-04-11 18:12:45 [WARNING] [Multiverse-Portals]  Portal HungerGamesLeave has an invalid LOCATION!
2025-04-11 18:12:45 [WARNING] [Multiverse-Portals]  Portal 'HungerGamesLeave' not loaded due to invalid location!
2025-04-11 18:12:45 [WARNING] [Multiverse-Portals]  Failed Parsing World for: KOFHFall (World Error, World did not exist or was not imported into Multiverse-Core!)
2025-04-11 18:12:45 [WARNING] [Multiverse-Portals]  Portal KOFHFall has an invalid LOCATION!
2025-04-11 18:12:45 [WARNING] [Multiverse-Portals]  Portal 'KOFHFall' not loaded due to invalid location!
2025-04-11 18:12:45 [WARNING] [Multiverse-Portals]  Failed Parsing World for: ParkourLeave (World Error, World did not exist or was not imported into Multiverse-Core!)
2025-04-11 18:12:45 [WARNING] [Multiverse-Portals]  Portal ParkourLeave has an invalid LOCATION!
2025-04-11 18:12:45 [WARNING] [Multiverse-Portals]  Portal 'ParkourLeave' not loaded due to invalid location!
2025-04-11 18:12:45 [WARNING] [Multiverse-Portals]  Failed Parsing World for: HPW (World Error, World did not exist or was not imported into Multiverse-Core!)
2025-04-11 18:12:45 [WARNING] [Multiverse-Portals]  Portal HPW has an invalid LOCATION!
2025-04-11 18:12:45 [WARNING] [Multiverse-Portals]  Portal 'HPW' not loaded due to invalid location!
2025-04-11 18:12:46 [WARNING] [Multiverse-Portals]  Failed Parsing World for: MiniGamesEntrance (World Error, World did not exist or was not imported into Multiverse-Core!)
2025-04-11 18:12:46 [WARNING] [Multiverse-Portals]  Portal MiniGamesEntrance has an invalid LOCATION!
2025-04-11 18:12:46 [WARNING] [Multiverse-Portals]  Portal 'MiniGamesEntrance' not loaded due to invalid location!
2025-04-11 18:12:46 [WARNING] [Multiverse-Portals]  Failed Parsing World for: GuildWorldEntry (World Error, World did not exist or was not imported into Multiverse-Core!)
2025-04-11 18:12:46 [WARNING] [Multiverse-Portals]  Portal GuildWorldEntry has an invalid LOCATION!
2025-04-11 18:12:46 [WARNING] [Multiverse-Portals]  Portal 'GuildWorldEntry' not loaded due to invalid location!
2025-04-11 18:12:46 [INFO] [Multiverse-Portals]  34 - Portals(s) loaded
2025-04-11 18:20:15 [WARNING] [Multiverse-Portals]  Failed Parsing World for: FlyPaintLeave (World Error, World did not exist or was not imported into Multiverse-Core!)
2025-04-11 18:20:15 [WARNING] [Multiverse-Portals]  Portal FlyPaintLeave has an invalid LOCATION!
2025-04-11 18:20:15 [WARNING] [Multiverse-Portals]  Portal 'FlyPaintLeave' not loaded due to invalid location!
2025-04-11 18:20:15 [WARNING] [Multiverse-Portals]  Failed Parsing World for: SpleefLeave (World Error, World did not exist or was not imported into Multiverse-Core!)
2025-04-11 18:20:15 [WARNING] [Multiverse-Portals]  Portal SpleefLeave has an invalid LOCATION!
2025-04-11 18:20:15 [WARNING] [Multiverse-Portals]  Portal 'SpleefLeave' not loaded due to invalid location!
2025-04-11 18:20:15 [WARNING] [Multiverse-Portals]  Failed Parsing World for: IcePvPFall (World Error, World did not exist or was not imported into Multiverse-Core!)
2025-04-11 18:20:15 [WARNING] [Multiverse-Portals]  Portal IcePvPFall has an invalid LOCATION!
2025-04-11 18:20:15 [WARNING] [Multiverse-Portals]  Portal 'IcePvPFall' not loaded due to invalid location!
2025-04-11 18:20:15 [WARNING] [Multiverse-Portals]  Failed Parsing World for: ParkourFall (World Error, World did not exist or was not imported into Multiverse-Core!)
2025-04-11 18:20:15 [WARNING] [Multiverse-Portals]  Portal ParkourFall has an invalid LOCATION!
2025-04-11 18:20:15 [WARNING] [Multiverse-Portals]  Portal 'ParkourFall' not loaded due to invalid location!
2025-04-11 18:20:15 [WARNING] [Multiverse-Portals]  Failed Parsing World for: ParkourWinner (World Error, World did not exist or was not imported into Multiverse-Core!)
2025-04-11 18:20:15 [WARNING] [Multiverse-Portals]  Portal ParkourWinner has an invalid LOCATION!
2025-04-11 18:20:15 [WARNING] [Multiverse-Portals]  Portal 'ParkourWinner' not loaded due to invalid location!
2025-04-11 18:20:15 [WARNING] [Multiverse-Portals]  Failed Parsing World for: PropHuntLeave (World Error, World did not exist or was not imported into Multiverse-Core!)
2025-04-11 18:20:15 [WARNING] [Multiverse-Portals]  Portal PropHuntLeave has an invalid LOCATION!
2025-04-11 18:20:15 [WARNING] [Multiverse-Portals]  Portal 'PropHuntLeave' not loaded due to invalid location!
2025-04-11 18:20:15 [WARNING] [Multiverse-Portals]  Failed Parsing World for: HungerGamesLeave (World Error, World did not exist or was not imported into Multiverse-Core!)
2025-04-11 18:20:15 [WARNING] [Multiverse-Portals]  Portal HungerGamesLeave has an invalid LOCATION!
2025-04-11 18:20:15 [WARNING] [Multiverse-Portals]  Portal 'HungerGamesLeave' not loaded due to invalid location!
2025-04-11 18:20:15 [WARNING] [Multiverse-Portals]  Failed Parsing World for: KOFHFall (World Error, World did not exist or was not imported into Multiverse-Core!)
2025-04-11 18:20:15 [WARNING] [Multiverse-Portals]  Portal KOFHFall has an invalid LOCATION!
2025-04-11 18:20:15 [WARNING] [Multiverse-Portals]  Portal 'KOFHFall' not loaded due to invalid location!
2025-04-11 18:20:15 [WARNING] [Multiverse-Portals]  Failed Parsing World for: ParkourLeave (World Error, World did not exist or was not imported into Multiverse-Core!)
2025-04-11 18:20:15 [WARNING] [Multiverse-Portals]  Portal ParkourLeave has an invalid LOCATION!
2025-04-11 18:20:15 [WARNING] [Multiverse-Portals]  Portal 'ParkourLeave' not loaded due to invalid location!
2025-04-11 18:20:16 [WARNING] [Multiverse-Portals]  Failed Parsing World for: HPW (World Error, World did not exist or was not imported into Multiverse-Core!)
2025-04-11 18:20:16 [WARNING] [Multiverse-Portals]  Portal HPW has an invalid LOCATION!
2025-04-11 18:20:16 [WARNING] [Multiverse-Portals]  Portal 'HPW' not loaded due to invalid location!
2025-04-11 18:20:16 [WARNING] [Multiverse-Portals]  Failed Parsing World for: MiniGamesEntrance (World Error, World did not exist or was not imported into Multiverse-Core!)
2025-04-11 18:20:16 [WARNING] [Multiverse-Portals]  Portal MiniGamesEntrance has an invalid LOCATION!
2025-04-11 18:20:16 [WARNING] [Multiverse-Portals]  Portal 'MiniGamesEntrance' not loaded due to invalid location!
2025-04-11 18:20:16 [WARNING] [Multiverse-Portals]  Failed Parsing World for: GuildWorldEntry (World Error, World did not exist or was not imported into Multiverse-Core!)
2025-04-11 18:20:16 [WARNING] [Multiverse-Portals]  Portal GuildWorldEntry has an invalid LOCATION!
2025-04-11 18:20:16 [WARNING] [Multiverse-Portals]  Portal 'GuildWorldEntry' not loaded due to invalid location!
2025-04-11 18:20:16 [INFO] [Multiverse-Portals]  34 - Portals(s) loaded
2025-04-11 18:25:57 [WARNING] [Multiverse-Portals]  Failed Parsing World for: FlyPaintLeave (World Error, World did not exist or was not imported into Multiverse-Core!)
2025-04-11 18:25:57 [WARNING] [Multiverse-Portals]  Portal FlyPaintLeave has an invalid LOCATION!
2025-04-11 18:25:57 [WARNING] [Multiverse-Portals]  Portal 'FlyPaintLeave' not loaded due to invalid location!
2025-04-11 18:25:57 [WARNING] [Multiverse-Portals]  Failed Parsing World for: SpleefLeave (World Error, World did not exist or was not imported into Multiverse-Core!)
2025-04-11 18:25:57 [WARNING] [Multiverse-Portals]  Portal SpleefLeave has an invalid LOCATION!
2025-04-11 18:25:57 [WARNING] [Multiverse-Portals]  Portal 'SpleefLeave' not loaded due to invalid location!
2025-04-11 18:25:57 [WARNING] [Multiverse-Portals]  Failed Parsing World for: IcePvPFall (World Error, World did not exist or was not imported into Multiverse-Core!)
2025-04-11 18:25:57 [WARNING] [Multiverse-Portals]  Portal IcePvPFall has an invalid LOCATION!
2025-04-11 18:25:57 [WARNING] [Multiverse-Portals]  Portal 'IcePvPFall' not loaded due to invalid location!
2025-04-11 18:25:57 [WARNING] [Multiverse-Portals]  Failed Parsing World for: ParkourFall (World Error, World did not exist or was not imported into Multiverse-Core!)
2025-04-11 18:25:57 [WARNING] [Multiverse-Portals]  Portal ParkourFall has an invalid LOCATION!
2025-04-11 18:25:57 [WARNING] [Multiverse-Portals]  Portal 'ParkourFall' not loaded due to invalid location!
2025-04-11 18:25:57 [WARNING] [Multiverse-Portals]  Failed Parsing World for: ParkourWinner (World Error, World did not exist or was not imported into Multiverse-Core!)
2025-04-11 18:25:57 [WARNING] [Multiverse-Portals]  Portal ParkourWinner has an invalid LOCATION!
2025-04-11 18:25:57 [WARNING] [Multiverse-Portals]  Portal 'ParkourWinner' not loaded due to invalid location!
2025-04-11 18:25:57 [WARNING] [Multiverse-Portals]  Failed Parsing World for: PropHuntLeave (World Error, World did not exist or was not imported into Multiverse-Core!)
2025-04-11 18:25:57 [WARNING] [Multiverse-Portals]  Portal PropHuntLeave has an invalid LOCATION!
2025-04-11 18:25:57 [WARNING] [Multiverse-Portals]  Portal 'PropHuntLeave' not loaded due to invalid location!
2025-04-11 18:25:57 [WARNING] [Multiverse-Portals]  Failed Parsing World for: HungerGamesLeave (World Error, World did not exist or was not imported into Multiverse-Core!)
2025-04-11 18:25:57 [WARNING] [Multiverse-Portals]  Portal HungerGamesLeave has an invalid LOCATION!
2025-04-11 18:25:57 [WARNING] [Multiverse-Portals]  Portal 'HungerGamesLeave' not loaded due to invalid location!
2025-04-11 18:25:57 [WARNING] [Multiverse-Portals]  Failed Parsing World for: KOFHFall (World Error, World did not exist or was not imported into Multiverse-Core!)
2025-04-11 18:25:57 [WARNING] [Multiverse-Portals]  Portal KOFHFall has an invalid LOCATION!
2025-04-11 18:25:57 [WARNING] [Multiverse-Portals]  Portal 'KOFHFall' not loaded due to invalid location!
2025-04-11 18:25:57 [WARNING] [Multiverse-Portals]  Failed Parsing World for: ParkourLeave (World Error, World did not exist or was not imported into Multiverse-Core!)
2025-04-11 18:25:57 [WARNING] [Multiverse-Portals]  Portal ParkourLeave has an invalid LOCATION!
2025-04-11 18:25:57 [WARNING] [Multiverse-Portals]  Portal 'ParkourLeave' not loaded due to invalid location!
2025-04-11 18:25:57 [WARNING] [Multiverse-Portals]  Failed Parsing World for: HPW (World Error, World did not exist or was not imported into Multiverse-Core!)
2025-04-11 18:25:57 [WARNING] [Multiverse-Portals]  Portal HPW has an invalid LOCATION!
2025-04-11 18:25:57 [WARNING] [Multiverse-Portals]  Portal 'HPW' not loaded due to invalid location!
2025-04-11 18:25:57 [WARNING] [Multiverse-Portals]  Failed Parsing World for: MiniGamesEntrance (World Error, World did not exist or was not imported into Multiverse-Core!)
2025-04-11 18:25:57 [WARNING] [Multiverse-Portals]  Portal MiniGamesEntrance has an invalid LOCATION!
2025-04-11 18:25:57 [WARNING] [Multiverse-Portals]  Portal 'MiniGamesEntrance' not loaded due to invalid location!
2025-04-11 18:25:57 [WARNING] [Multiverse-Portals]  Failed Parsing World for: GuildWorldEntry (World Error, World did not exist or was not imported into Multiverse-Core!)
2025-04-11 18:25:57 [WARNING] [Multiverse-Portals]  Portal GuildWorldEntry has an invalid LOCATION!
2025-04-11 18:25:57 [WARNING] [Multiverse-Portals]  Portal 'GuildWorldEntry' not loaded due to invalid location!
2025-04-11 18:25:57 [INFO] [Multiverse-Portals]  34 - Portals(s) loaded
2025-04-11 18:30:24 [WARNING] [Multiverse-Portals]  Failed Parsing World for: FlyPaintLeave (World Error, World did not exist or was not imported into Multiverse-Core!)
2025-04-11 18:30:24 [WARNING] [Multiverse-Portals]  Portal FlyPaintLeave has an invalid LOCATION!
2025-04-11 18:30:24 [WARNING] [Multiverse-Portals]  Portal 'FlyPaintLeave' not loaded due to invalid location!
2025-04-11 18:30:24 [WARNING] [Multiverse-Portals]  Failed Parsing World for: SpleefLeave (World Error, World did not exist or was not imported into Multiverse-Core!)
2025-04-11 18:30:24 [WARNING] [Multiverse-Portals]  Portal SpleefLeave has an invalid LOCATION!
2025-04-11 18:30:24 [WARNING] [Multiverse-Portals]  Portal 'SpleefLeave' not loaded due to invalid location!
2025-04-11 18:30:24 [WARNING] [Multiverse-Portals]  Failed Parsing World for: IcePvPFall (World Error, World did not exist or was not imported into Multiverse-Core!)
2025-04-11 18:30:24 [WARNING] [Multiverse-Portals]  Portal IcePvPFall has an invalid LOCATION!
2025-04-11 18:30:24 [WARNING] [Multiverse-Portals]  Portal 'IcePvPFall' not loaded due to invalid location!
2025-04-11 18:30:24 [WARNING] [Multiverse-Portals]  Failed Parsing World for: ParkourFall (World Error, World did not exist or was not imported into Multiverse-Core!)
2025-04-11 18:30:24 [WARNING] [Multiverse-Portals]  Portal ParkourFall has an invalid LOCATION!
2025-04-11 18:30:24 [WARNING] [Multiverse-Portals]  Portal 'ParkourFall' not loaded due to invalid location!
2025-04-11 18:30:24 [WARNING] [Multiverse-Portals]  Failed Parsing World for: ParkourWinner (World Error, World did not exist or was not imported into Multiverse-Core!)
2025-04-11 18:30:24 [WARNING] [Multiverse-Portals]  Portal ParkourWinner has an invalid LOCATION!
2025-04-11 18:30:24 [WARNING] [Multiverse-Portals]  Portal 'ParkourWinner' not loaded due to invalid location!
2025-04-11 18:30:24 [WARNING] [Multiverse-Portals]  Failed Parsing World for: PropHuntLeave (World Error, World did not exist or was not imported into Multiverse-Core!)
2025-04-11 18:30:24 [WARNING] [Multiverse-Portals]  Portal PropHuntLeave has an invalid LOCATION!
2025-04-11 18:30:24 [WARNING] [Multiverse-Portals]  Portal 'PropHuntLeave' not loaded due to invalid location!
2025-04-11 18:30:24 [WARNING] [Multiverse-Portals]  Failed Parsing World for: HungerGamesLeave (World Error, World did not exist or was not imported into Multiverse-Core!)
2025-04-11 18:30:24 [WARNING] [Multiverse-Portals]  Portal HungerGamesLeave has an invalid LOCATION!
2025-04-11 18:30:24 [WARNING] [Multiverse-Portals]  Portal 'HungerGamesLeave' not loaded due to invalid location!
2025-04-11 18:30:24 [WARNING] [Multiverse-Portals]  Failed Parsing World for: KOFHFall (World Error, World did not exist or was not imported into Multiverse-Core!)
2025-04-11 18:30:24 [WARNING] [Multiverse-Portals]  Portal KOFHFall has an invalid LOCATION!
2025-04-11 18:30:24 [WARNING] [Multiverse-Portals]  Portal 'KOFHFall' not loaded due to invalid location!
2025-04-11 18:30:24 [WARNING] [Multiverse-Portals]  Failed Parsing World for: ParkourLeave (World Error, World did not exist or was not imported into Multiverse-Core!)
2025-04-11 18:30:24 [WARNING] [Multiverse-Portals]  Portal ParkourLeave has an invalid LOCATION!
2025-04-11 18:30:24 [WARNING] [Multiverse-Portals]  Portal 'ParkourLeave' not loaded due to invalid location!
2025-04-11 18:30:24 [WARNING] [Multiverse-Portals]  Failed Parsing World for: HPW (World Error, World did not exist or was not imported into Multiverse-Core!)
2025-04-11 18:30:24 [WARNING] [Multiverse-Portals]  Portal HPW has an invalid LOCATION!
2025-04-11 18:30:24 [WARNING] [Multiverse-Portals]  Portal 'HPW' not loaded due to invalid location!
2025-04-11 18:30:24 [WARNING] [Multiverse-Portals]  Failed Parsing World for: MiniGamesEntrance (World Error, World did not exist or was not imported into Multiverse-Core!)
2025-04-11 18:30:24 [WARNING] [Multiverse-Portals]  Portal MiniGamesEntrance has an invalid LOCATION!
2025-04-11 18:30:24 [WARNING] [Multiverse-Portals]  Portal 'MiniGamesEntrance' not loaded due to invalid location!
2025-04-11 18:30:25 [WARNING] [Multiverse-Portals]  Failed Parsing World for: GuildWorldEntry (World Error, World did not exist or was not imported into Multiverse-Core!)
2025-04-11 18:30:25 [WARNING] [Multiverse-Portals]  Portal GuildWorldEntry has an invalid LOCATION!
2025-04-11 18:30:25 [WARNING] [Multiverse-Portals]  Portal 'GuildWorldEntry' not loaded due to invalid location!
2025-04-11 18:30:25 [INFO] [Multiverse-Portals]  34 - Portals(s) loaded
2025-04-11 18:33:21 [WARNING] [Multiverse-Portals]  Failed Parsing World for: FlyPaintLeave (World Error, World did not exist or was not imported into Multiverse-Core!)
2025-04-11 18:33:21 [WARNING] [Multiverse-Portals]  Portal FlyPaintLeave has an invalid LOCATION!
2025-04-11 18:33:21 [WARNING] [Multiverse-Portals]  Portal 'FlyPaintLeave' not loaded due to invalid location!
2025-04-11 18:33:21 [WARNING] [Multiverse-Portals]  Failed Parsing World for: SpleefLeave (World Error, World did not exist or was not imported into Multiverse-Core!)
2025-04-11 18:33:21 [WARNING] [Multiverse-Portals]  Portal SpleefLeave has an invalid LOCATION!
2025-04-11 18:33:21 [WARNING] [Multiverse-Portals]  Portal 'SpleefLeave' not loaded due to invalid location!
2025-04-11 18:33:21 [WARNING] [Multiverse-Portals]  Failed Parsing World for: IcePvPFall (World Error, World did not exist or was not imported into Multiverse-Core!)
2025-04-11 18:33:21 [WARNING] [Multiverse-Portals]  Portal IcePvPFall has an invalid LOCATION!
2025-04-11 18:33:21 [WARNING] [Multiverse-Portals]  Portal 'IcePvPFall' not loaded due to invalid location!
2025-04-11 18:33:21 [WARNING] [Multiverse-Portals]  Failed Parsing World for: ParkourFall (World Error, World did not exist or was not imported into Multiverse-Core!)
2025-04-11 18:33:21 [WARNING] [Multiverse-Portals]  Portal ParkourFall has an invalid LOCATION!
2025-04-11 18:33:21 [WARNING] [Multiverse-Portals]  Portal 'ParkourFall' not loaded due to invalid location!
2025-04-11 18:33:21 [WARNING] [Multiverse-Portals]  Failed Parsing World for: ParkourWinner (World Error, World did not exist or was not imported into Multiverse-Core!)
2025-04-11 18:33:21 [WARNING] [Multiverse-Portals]  Portal ParkourWinner has an invalid LOCATION!
2025-04-11 18:33:21 [WARNING] [Multiverse-Portals]  Portal 'ParkourWinner' not loaded due to invalid location!
2025-04-11 18:33:21 [WARNING] [Multiverse-Portals]  Failed Parsing World for: PropHuntLeave (World Error, World did not exist or was not imported into Multiverse-Core!)
2025-04-11 18:33:21 [WARNING] [Multiverse-Portals]  Portal PropHuntLeave has an invalid LOCATION!
2025-04-11 18:33:21 [WARNING] [Multiverse-Portals]  Portal 'PropHuntLeave' not loaded due to invalid location!
2025-04-11 18:33:21 [WARNING] [Multiverse-Portals]  Failed Parsing World for: HungerGamesLeave (World Error, World did not exist or was not imported into Multiverse-Core!)
2025-04-11 18:33:21 [WARNING] [Multiverse-Portals]  Portal HungerGamesLeave has an invalid LOCATION!
2025-04-11 18:33:21 [WARNING] [Multiverse-Portals]  Portal 'HungerGamesLeave' not loaded due to invalid location!
2025-04-11 18:33:21 [WARNING] [Multiverse-Portals]  Failed Parsing World for: KOFHFall (World Error, World did not exist or was not imported into Multiverse-Core!)
2025-04-11 18:33:21 [WARNING] [Multiverse-Portals]  Portal KOFHFall has an invalid LOCATION!
2025-04-11 18:33:21 [WARNING] [Multiverse-Portals]  Portal 'KOFHFall' not loaded due to invalid location!
2025-04-11 18:33:21 [WARNING] [Multiverse-Portals]  Failed Parsing World for: ParkourLeave (World Error, World did not exist or was not imported into Multiverse-Core!)
2025-04-11 18:33:21 [WARNING] [Multiverse-Portals]  Portal ParkourLeave has an invalid LOCATION!
2025-04-11 18:33:21 [WARNING] [Multiverse-Portals]  Portal 'ParkourLeave' not loaded due to invalid location!
2025-04-11 18:33:21 [WARNING] [Multiverse-Portals]  Failed Parsing World for: HPW (World Error, World did not exist or was not imported into Multiverse-Core!)
2025-04-11 18:33:21 [WARNING] [Multiverse-Portals]  Portal HPW has an invalid LOCATION!
2025-04-11 18:33:21 [WARNING] [Multiverse-Portals]  Portal 'HPW' not loaded due to invalid location!
2025-04-11 18:33:21 [WARNING] [Multiverse-Portals]  Failed Parsing World for: MiniGamesEntrance (World Error, World did not exist or was not imported into Multiverse-Core!)
2025-04-11 18:33:21 [WARNING] [Multiverse-Portals]  Portal MiniGamesEntrance has an invalid LOCATION!
2025-04-11 18:33:21 [WARNING] [Multiverse-Portals]  Portal 'MiniGamesEntrance' not loaded due to invalid location!
2025-04-11 18:33:21 [WARNING] [Multiverse-Portals]  Failed Parsing World for: GuildWorldEntry (World Error, World did not exist or was not imported into Multiverse-Core!)
2025-04-11 18:33:21 [WARNING] [Multiverse-Portals]  Portal GuildWorldEntry has an invalid LOCATION!
2025-04-11 18:33:21 [WARNING] [Multiverse-Portals]  Portal 'GuildWorldEntry' not loaded due to invalid location!
2025-04-11 18:33:21 [INFO] [Multiverse-Portals]  34 - Portals(s) loaded
2025-04-11 18:52:06 [WARNING] [Multiverse-Portals]  Failed Parsing World for: FlyPaintLeave (World Error, World did not exist or was not imported into Multiverse-Core!)
2025-04-11 18:52:06 [WARNING] [Multiverse-Portals]  Portal FlyPaintLeave has an invalid LOCATION!
2025-04-11 18:52:06 [WARNING] [Multiverse-Portals]  Portal 'FlyPaintLeave' not loaded due to invalid location!
2025-04-11 18:52:06 [WARNING] [Multiverse-Portals]  Failed Parsing World for: SpleefLeave (World Error, World did not exist or was not imported into Multiverse-Core!)
2025-04-11 18:52:06 [WARNING] [Multiverse-Portals]  Portal SpleefLeave has an invalid LOCATION!
2025-04-11 18:52:06 [WARNING] [Multiverse-Portals]  Portal 'SpleefLeave' not loaded due to invalid location!
2025-04-11 18:52:06 [WARNING] [Multiverse-Portals]  Failed Parsing World for: IcePvPFall (World Error, World did not exist or was not imported into Multiverse-Core!)
2025-04-11 18:52:06 [WARNING] [Multiverse-Portals]  Portal IcePvPFall has an invalid LOCATION!
2025-04-11 18:52:06 [WARNING] [Multiverse-Portals]  Portal 'IcePvPFall' not loaded due to invalid location!
2025-04-11 18:52:06 [WARNING] [Multiverse-Portals]  Failed Parsing World for: ParkourFall (World Error, World did not exist or was not imported into Multiverse-Core!)
2025-04-11 18:52:06 [WARNING] [Multiverse-Portals]  Portal ParkourFall has an invalid LOCATION!
2025-04-11 18:52:06 [WARNING] [Multiverse-Portals]  Portal 'ParkourFall' not loaded due to invalid location!
2025-04-11 18:52:06 [WARNING] [Multiverse-Portals]  Failed Parsing World for: ParkourWinner (World Error, World did not exist or was not imported into Multiverse-Core!)
2025-04-11 18:52:06 [WARNING] [Multiverse-Portals]  Portal ParkourWinner has an invalid LOCATION!
2025-04-11 18:52:06 [WARNING] [Multiverse-Portals]  Portal 'ParkourWinner' not loaded due to invalid location!
2025-04-11 18:52:06 [WARNING] [Multiverse-Portals]  Failed Parsing World for: PropHuntLeave (World Error, World did not exist or was not imported into Multiverse-Core!)
2025-04-11 18:52:06 [WARNING] [Multiverse-Portals]  Portal PropHuntLeave has an invalid LOCATION!
2025-04-11 18:52:06 [WARNING] [Multiverse-Portals]  Portal 'PropHuntLeave' not loaded due to invalid location!
2025-04-11 18:52:06 [WARNING] [Multiverse-Portals]  Failed Parsing World for: HungerGamesLeave (World Error, World did not exist or was not imported into Multiverse-Core!)
2025-04-11 18:52:06 [WARNING] [Multiverse-Portals]  Portal HungerGamesLeave has an invalid LOCATION!
2025-04-11 18:52:06 [WARNING] [Multiverse-Portals]  Portal 'HungerGamesLeave' not loaded due to invalid location!
2025-04-11 18:52:06 [WARNING] [Multiverse-Portals]  Failed Parsing World for: KOFHFall (World Error, World did not exist or was not imported into Multiverse-Core!)
2025-04-11 18:52:06 [WARNING] [Multiverse-Portals]  Portal KOFHFall has an invalid LOCATION!
2025-04-11 18:52:06 [WARNING] [Multiverse-Portals]  Portal 'KOFHFall' not loaded due to invalid location!
2025-04-11 18:52:07 [WARNING] [Multiverse-Portals]  Failed Parsing World for: ParkourLeave (World Error, World did not exist or was not imported into Multiverse-Core!)
2025-04-11 18:52:07 [WARNING] [Multiverse-Portals]  Portal ParkourLeave has an invalid LOCATION!
2025-04-11 18:52:07 [WARNING] [Multiverse-Portals]  Portal 'ParkourLeave' not loaded due to invalid location!
2025-04-11 18:52:07 [WARNING] [Multiverse-Portals]  Failed Parsing World for: HPW (World Error, World did not exist or was not imported into Multiverse-Core!)
2025-04-11 18:52:07 [WARNING] [Multiverse-Portals]  Portal HPW has an invalid LOCATION!
2025-04-11 18:52:07 [WARNING] [Multiverse-Portals]  Portal 'HPW' not loaded due to invalid location!
2025-04-11 18:52:07 [WARNING] [Multiverse-Portals]  Failed Parsing World for: MiniGamesEntrance (World Error, World did not exist or was not imported into Multiverse-Core!)
2025-04-11 18:52:07 [WARNING] [Multiverse-Portals]  Portal MiniGamesEntrance has an invalid LOCATION!
2025-04-11 18:52:07 [WARNING] [Multiverse-Portals]  Portal 'MiniGamesEntrance' not loaded due to invalid location!
2025-04-11 18:52:07 [WARNING] [Multiverse-Portals]  Failed Parsing World for: GuildWorldEntry (World Error, World did not exist or was not imported into Multiverse-Core!)
2025-04-11 18:52:07 [WARNING] [Multiverse-Portals]  Portal GuildWorldEntry has an invalid LOCATION!
2025-04-11 18:52:07 [WARNING] [Multiverse-Portals]  Portal 'GuildWorldEntry' not loaded due to invalid location!
2025-04-11 18:52:07 [INFO] [Multiverse-Portals]  34 - Portals(s) loaded
2025-04-11 19:44:25 [INFO] [Multiverse-Portals]  34 - Portals(s) loaded
2025-04-11 19:47:13 [INFO] [Multiverse-Portals]  34 - Portals(s) loaded
2025-04-11 19:52:53 [INFO] [Multiverse-Portals]  34 - Portals(s) loaded
2025-04-13 10:23:07 [INFO] [Multiverse-Portals]  34 - Portals(s) loaded
2025-04-13 10:27:20 [INFO] [Multiverse-Portals]  34 - Portals(s) loaded
2025-04-13 11:02:28 [INFO] [Multiverse-Portals]  34 - Portals(s) loaded
